{"D:\\Agung Codes\\p2-amaryllis\\testing\\resi-server\\services\\app\\app.js": {"path":"D:\\Agung Codes\\p2-amaryllis\\testing\\resi-server\\services\\app\\app.js","statementMap":{"0":{"start":{"line":1,"column":0},"end":{"line":3,"column":1}},"1":{"start":{"line":2,"column":2},"end":{"line":2,"column":29}},"2":{"start":{"line":4,"column":16},"end":{"line":4,"column":34}},"3":{"start":{"line":5,"column":13},"end":{"line":5,"column":28}},"4":{"start":{"line":6,"column":12},"end":{"line":6,"column":21}},"5":{"start":{"line":8,"column":0},"end":{"line":8,"column":16}},"6":{"start":{"line":9,"column":0},"end":{"line":9,"column":24}},"7":{"start":{"line":10,"column":0},"end":{"line":10,"column":49}},"8":{"start":{"line":11,"column":0},"end":{"line":11,"column":35}},"9":{"start":{"line":12,"column":0},"end":{"line":12,"column":47}},"10":{"start":{"line":14,"column":0},"end":{"line":14,"column":21}}},"fnMap":{},"branchMap":{"0":{"loc":{"start":{"line":1,"column":0},"end":{"line":3,"column":1}},"type":"if","locations":[{"start":{"line":1,"column":0},"end":{"line":3,"column":1}},{"start":{},"end":{}}],"line":1}},"s":{"0":3,"1":3,"2":3,"3":3,"4":3,"5":3,"6":3,"7":3,"8":3,"9":3,"10":3},"f":{},"b":{"0":[3,0]},"_coverageSchema":"1a1c01bbd47fc00a2c39e90264f33305004495a9","hash":"9463832b0e1aab254ae089ce8fcd4528289c41f6"}
,"D:\\Agung Codes\\p2-amaryllis\\testing\\resi-server\\services\\app\\controllers\\bike.js": {"path":"D:\\Agung Codes\\p2-amaryllis\\testing\\resi-server\\services\\app\\controllers\\bike.js","statementMap":{"0":{"start":{"line":1,"column":17},"end":{"line":1,"column":37}},"1":{"start":{"line":3,"column":0},"end":{"line":12,"column":2}},"2":{"start":{"line":5,"column":4},"end":{"line":10,"column":5}},"3":{"start":{"line":6,"column":17},"end":{"line":6,"column":37}},"4":{"start":{"line":7,"column":6},"end":{"line":7,"column":33}},"5":{"start":{"line":9,"column":6},"end":{"line":9,"column":18}}},"fnMap":{"0":{"name":"(anonymous_0)","decl":{"start":{"line":4,"column":2},"end":{"line":4,"column":3}},"loc":{"start":{"line":4,"column":40},"end":{"line":11,"column":3}},"line":4}},"branchMap":{},"s":{"0":3,"1":3,"2":1,"3":1,"4":1,"5":0},"f":{"0":1},"b":{},"_coverageSchema":"1a1c01bbd47fc00a2c39e90264f33305004495a9","hash":"0304c954be8976f0446895d79ff9aaea04ce14fb"}
,"D:\\Agung Codes\\p2-amaryllis\\testing\\resi-server\\services\\app\\controllers\\customer.js": {"path":"D:\\Agung Codes\\p2-amaryllis\\testing\\resi-server\\services\\app\\controllers\\customer.js","statementMap":{"0":{"start":{"line":1,"column":17},"end":{"line":1,"column":37}},"1":{"start":{"line":3,"column":0},"end":{"line":79,"column":2}},"2":{"start":{"line":5,"column":4},"end":{"line":15,"column":5}},"3":{"start":{"line":6,"column":29},"end":{"line":6,"column":37}},"4":{"start":{"line":8,"column":19},"end":{"line":10,"column":8}},"5":{"start":{"line":12,"column":6},"end":{"line":12,"column":33}},"6":{"start":{"line":14,"column":6},"end":{"line":14,"column":18}},"7":{"start":{"line":19,"column":4},"end":{"line":29,"column":5}},"8":{"start":{"line":20,"column":29},"end":{"line":20,"column":37}},"9":{"start":{"line":22,"column":19},"end":{"line":24,"column":8}},"10":{"start":{"line":26,"column":6},"end":{"line":26,"column":33}},"11":{"start":{"line":28,"column":6},"end":{"line":28,"column":18}},"12":{"start":{"line":33,"column":4},"end":{"line":57,"column":5}},"13":{"start":{"line":34,"column":69},"end":{"line":34,"column":77}},"14":{"start":{"line":35,"column":29},"end":{"line":35,"column":37}},"15":{"start":{"line":37,"column":6},"end":{"line":37,"column":53}},"16":{"start":{"line":37,"column":21},"end":{"line":37,"column":53}},"17":{"start":{"line":38,"column":6},"end":{"line":38,"column":57}},"18":{"start":{"line":38,"column":23},"end":{"line":38,"column":57}},"19":{"start":{"line":39,"column":6},"end":{"line":39,"column":49}},"20":{"start":{"line":39,"column":19},"end":{"line":39,"column":49}},"21":{"start":{"line":40,"column":6},"end":{"line":40,"column":57}},"22":{"start":{"line":40,"column":23},"end":{"line":40,"column":57}},"23":{"start":{"line":41,"column":6},"end":{"line":41,"column":53}},"24":{"start":{"line":41,"column":21},"end":{"line":41,"column":53}},"25":{"start":{"line":43,"column":19},"end":{"line":50,"column":8}},"26":{"start":{"line":52,"column":6},"end":{"line":54,"column":9}},"27":{"start":{"line":56,"column":6},"end":{"line":56,"column":18}},"28":{"start":{"line":61,"column":4},"end":{"line":77,"column":5}},"29":{"start":{"line":62,"column":25},"end":{"line":62,"column":35}},"30":{"start":{"line":63,"column":25},"end":{"line":63,"column":33}},"31":{"start":{"line":65,"column":6},"end":{"line":65,"column":49}},"32":{"start":{"line":65,"column":19},"end":{"line":65,"column":49}},"33":{"start":{"line":67,"column":19},"end":{"line":67,"column":46}},"34":{"start":{"line":69,"column":6},"end":{"line":69,"column":44}},"35":{"start":{"line":69,"column":17},"end":{"line":69,"column":44}},"36":{"start":{"line":71,"column":6},"end":{"line":71,"column":63}},"37":{"start":{"line":72,"column":6},"end":{"line":74,"column":9}},"38":{"start":{"line":76,"column":6},"end":{"line":76,"column":18}}},"fnMap":{"0":{"name":"(anonymous_0)","decl":{"start":{"line":4,"column":2},"end":{"line":4,"column":3}},"loc":{"start":{"line":4,"column":47},"end":{"line":16,"column":3}},"line":4},"1":{"name":"(anonymous_1)","decl":{"start":{"line":18,"column":2},"end":{"line":18,"column":3}},"loc":{"start":{"line":18,"column":51},"end":{"line":30,"column":3}},"line":18},"2":{"name":"(anonymous_2)","decl":{"start":{"line":32,"column":2},"end":{"line":32,"column":3}},"loc":{"start":{"line":32,"column":42},"end":{"line":58,"column":3}},"line":32},"3":{"name":"(anonymous_3)","decl":{"start":{"line":60,"column":2},"end":{"line":60,"column":3}},"loc":{"start":{"line":60,"column":47},"end":{"line":78,"column":3}},"line":60}},"branchMap":{"0":{"loc":{"start":{"line":37,"column":6},"end":{"line":37,"column":53}},"type":"if","locations":[{"start":{"line":37,"column":6},"end":{"line":37,"column":53}},{"start":{},"end":{}}],"line":37},"1":{"loc":{"start":{"line":38,"column":6},"end":{"line":38,"column":57}},"type":"if","locations":[{"start":{"line":38,"column":6},"end":{"line":38,"column":57}},{"start":{},"end":{}}],"line":38},"2":{"loc":{"start":{"line":39,"column":6},"end":{"line":39,"column":49}},"type":"if","locations":[{"start":{"line":39,"column":6},"end":{"line":39,"column":49}},{"start":{},"end":{}}],"line":39},"3":{"loc":{"start":{"line":40,"column":6},"end":{"line":40,"column":57}},"type":"if","locations":[{"start":{"line":40,"column":6},"end":{"line":40,"column":57}},{"start":{},"end":{}}],"line":40},"4":{"loc":{"start":{"line":41,"column":6},"end":{"line":41,"column":53}},"type":"if","locations":[{"start":{"line":41,"column":6},"end":{"line":41,"column":53}},{"start":{},"end":{}}],"line":41},"5":{"loc":{"start":{"line":65,"column":6},"end":{"line":65,"column":49}},"type":"if","locations":[{"start":{"line":65,"column":6},"end":{"line":65,"column":49}},{"start":{},"end":{}}],"line":65},"6":{"loc":{"start":{"line":69,"column":6},"end":{"line":69,"column":44}},"type":"if","locations":[{"start":{"line":69,"column":6},"end":{"line":69,"column":44}},{"start":{},"end":{}}],"line":69}},"s":{"0":3,"1":3,"2":1,"3":1,"4":1,"5":1,"6":0,"7":0,"8":0,"9":0,"10":0,"11":0,"12":11,"13":11,"14":11,"15":11,"16":2,"17":9,"18":2,"19":7,"20":2,"21":5,"22":2,"23":3,"24":2,"25":1,"26":1,"27":10,"28":3,"29":3,"30":3,"31":3,"32":1,"33":2,"34":2,"35":1,"36":1,"37":1,"38":2},"f":{"0":1,"1":0,"2":11,"3":3},"b":{"0":[2,9],"1":[2,7],"2":[2,5],"3":[2,3],"4":[2,1],"5":[1,2],"6":[1,1]},"_coverageSchema":"1a1c01bbd47fc00a2c39e90264f33305004495a9","hash":"c08521b8a7a0cc82e873fe9263729c70a5d98ba9"}
,"D:\\Agung Codes\\p2-amaryllis\\testing\\resi-server\\services\\app\\controllers\\washer.js": {"path":"D:\\Agung Codes\\p2-amaryllis\\testing\\resi-server\\services\\app\\controllers\\washer.js","statementMap":{"0":{"start":{"line":1,"column":17},"end":{"line":1,"column":37}},"1":{"start":{"line":2,"column":15},"end":{"line":2,"column":35}},"2":{"start":{"line":3,"column":34},"end":{"line":3,"column":68}},"3":{"start":{"line":5,"column":0},"end":{"line":126,"column":2}},"4":{"start":{"line":7,"column":4},"end":{"line":27,"column":5}},"5":{"start":{"line":8,"column":21},"end":{"line":8,"column":31}},"6":{"start":{"line":9,"column":25},"end":{"line":9,"column":33}},"7":{"start":{"line":10,"column":31},"end":{"line":10,"column":39}},"8":{"start":{"line":12,"column":6},"end":{"line":12,"column":49}},"9":{"start":{"line":12,"column":19},"end":{"line":12,"column":49}},"10":{"start":{"line":14,"column":19},"end":{"line":16,"column":8}},"11":{"start":{"line":18,"column":6},"end":{"line":18,"column":44}},"12":{"start":{"line":18,"column":17},"end":{"line":18,"column":44}},"13":{"start":{"line":20,"column":6},"end":{"line":20,"column":55}},"14":{"start":{"line":22,"column":6},"end":{"line":24,"column":9}},"15":{"start":{"line":26,"column":6},"end":{"line":26,"column":18}},"16":{"start":{"line":31,"column":4},"end":{"line":48,"column":5}},"17":{"start":{"line":32,"column":21},"end":{"line":32,"column":31}},"18":{"start":{"line":33,"column":31},"end":{"line":33,"column":39}},"19":{"start":{"line":35,"column":19},"end":{"line":37,"column":8}},"20":{"start":{"line":39,"column":6},"end":{"line":39,"column":44}},"21":{"start":{"line":39,"column":17},"end":{"line":39,"column":44}},"22":{"start":{"line":41,"column":6},"end":{"line":41,"column":63}},"23":{"start":{"line":43,"column":6},"end":{"line":45,"column":9}},"24":{"start":{"line":47,"column":6},"end":{"line":47,"column":18}},"25":{"start":{"line":52,"column":4},"end":{"line":65,"column":5}},"26":{"start":{"line":53,"column":21},"end":{"line":53,"column":31}},"27":{"start":{"line":54,"column":31},"end":{"line":54,"column":39}},"28":{"start":{"line":56,"column":19},"end":{"line":56,"column":42}},"29":{"start":{"line":58,"column":6},"end":{"line":58,"column":44}},"30":{"start":{"line":58,"column":17},"end":{"line":58,"column":44}},"31":{"start":{"line":60,"column":6},"end":{"line":60,"column":57}},"32":{"start":{"line":62,"column":6},"end":{"line":62,"column":65}},"33":{"start":{"line":64,"column":6},"end":{"line":64,"column":18}},"34":{"start":{"line":69,"column":4},"end":{"line":83,"column":5}},"35":{"start":{"line":70,"column":31},"end":{"line":70,"column":39}},"36":{"start":{"line":72,"column":20},"end":{"line":78,"column":8}},"37":{"start":{"line":80,"column":6},"end":{"line":80,"column":34}},"38":{"start":{"line":82,"column":6},"end":{"line":82,"column":18}},"39":{"start":{"line":87,"column":4},"end":{"line":124,"column":5}},"40":{"start":{"line":88,"column":37},"end":{"line":88,"column":45}},"41":{"start":{"line":89,"column":31},"end":{"line":89,"column":39}},"42":{"start":{"line":90,"column":30},"end":{"line":92,"column":8}},"43":{"start":{"line":94,"column":19},"end":{"line":96,"column":8}},"44":{"start":{"line":98,"column":22},"end":{"line":119,"column":37}},"45":{"start":{"line":100,"column":27},"end":{"line":107,"column":12}},"46":{"start":{"line":101,"column":12},"end":{"line":106,"column":30}},"47":{"start":{"line":105,"column":14},"end":{"line":105,"column":26}},"48":{"start":{"line":106,"column":17},"end":{"line":106,"column":30}},"49":{"start":{"line":108,"column":23},"end":{"line":108,"column":46}},"50":{"start":{"line":109,"column":10},"end":{"line":114,"column":12}},"51":{"start":{"line":115,"column":10},"end":{"line":117,"column":11}},"52":{"start":{"line":116,"column":12},"end":{"line":116,"column":22}},"53":{"start":{"line":119,"column":25},"end":{"line":119,"column":36}},"54":{"start":{"line":121,"column":6},"end":{"line":121,"column":36}},"55":{"start":{"line":123,"column":6},"end":{"line":123,"column":18}}},"fnMap":{"0":{"name":"(anonymous_0)","decl":{"start":{"line":6,"column":2},"end":{"line":6,"column":3}},"loc":{"start":{"line":6,"column":49},"end":{"line":28,"column":3}},"line":6},"1":{"name":"(anonymous_1)","decl":{"start":{"line":30,"column":2},"end":{"line":30,"column":3}},"loc":{"start":{"line":30,"column":47},"end":{"line":49,"column":3}},"line":30},"2":{"name":"(anonymous_2)","decl":{"start":{"line":51,"column":2},"end":{"line":51,"column":3}},"loc":{"start":{"line":51,"column":45},"end":{"line":66,"column":3}},"line":51},"3":{"name":"(anonymous_3)","decl":{"start":{"line":68,"column":2},"end":{"line":68,"column":3}},"loc":{"start":{"line":68,"column":44},"end":{"line":84,"column":3}},"line":68},"4":{"name":"(anonymous_4)","decl":{"start":{"line":86,"column":2},"end":{"line":86,"column":3}},"loc":{"start":{"line":86,"column":51},"end":{"line":125,"column":3}},"line":86},"5":{"name":"(anonymous_5)","decl":{"start":{"line":99,"column":13},"end":{"line":99,"column":14}},"loc":{"start":{"line":99,"column":21},"end":{"line":118,"column":9}},"line":99},"6":{"name":"(anonymous_6)","decl":{"start":{"line":100,"column":50},"end":{"line":100,"column":51}},"loc":{"start":{"line":100,"column":59},"end":{"line":107,"column":11}},"line":100},"7":{"name":"(anonymous_7)","decl":{"start":{"line":119,"column":16},"end":{"line":119,"column":17}},"loc":{"start":{"line":119,"column":25},"end":{"line":119,"column":36}},"line":119}},"branchMap":{"0":{"loc":{"start":{"line":12,"column":6},"end":{"line":12,"column":49}},"type":"if","locations":[{"start":{"line":12,"column":6},"end":{"line":12,"column":49}},{"start":{},"end":{}}],"line":12},"1":{"loc":{"start":{"line":18,"column":6},"end":{"line":18,"column":44}},"type":"if","locations":[{"start":{"line":18,"column":6},"end":{"line":18,"column":44}},{"start":{},"end":{}}],"line":18},"2":{"loc":{"start":{"line":39,"column":6},"end":{"line":39,"column":44}},"type":"if","locations":[{"start":{"line":39,"column":6},"end":{"line":39,"column":44}},{"start":{},"end":{}}],"line":39},"3":{"loc":{"start":{"line":58,"column":6},"end":{"line":58,"column":44}},"type":"if","locations":[{"start":{"line":58,"column":6},"end":{"line":58,"column":44}},{"start":{},"end":{}}],"line":58},"4":{"loc":{"start":{"line":88,"column":24},"end":{"line":88,"column":32}},"type":"default-arg","locations":[{"start":{"line":88,"column":31},"end":{"line":88,"column":32}}],"line":88},"5":{"loc":{"start":{"line":101,"column":12},"end":{"line":106,"column":30}},"type":"if","locations":[{"start":{"line":101,"column":12},"end":{"line":106,"column":30}},{"start":{"line":106,"column":17},"end":{"line":106,"column":30}}],"line":101},"6":{"loc":{"start":{"line":102,"column":14},"end":{"line":103,"column":45}},"type":"binary-expr","locations":[{"start":{"line":102,"column":14},"end":{"line":102,"column":61}},{"start":{"line":103,"column":14},"end":{"line":103,"column":45}}],"line":102},"7":{"loc":{"start":{"line":115,"column":10},"end":{"line":117,"column":11}},"type":"if","locations":[{"start":{"line":115,"column":10},"end":{"line":117,"column":11}},{"start":{},"end":{}}],"line":115},"8":{"loc":{"start":{"line":115,"column":14},"end":{"line":115,"column":68}},"type":"binary-expr","locations":[{"start":{"line":115,"column":14},"end":{"line":115,"column":34}},{"start":{"line":115,"column":38},"end":{"line":115,"column":68}}],"line":115}},"s":{"0":3,"1":3,"2":3,"3":3,"4":3,"5":3,"6":3,"7":3,"8":3,"9":1,"10":2,"11":2,"12":1,"13":1,"14":1,"15":2,"16":2,"17":2,"18":2,"19":2,"20":2,"21":1,"22":1,"23":1,"24":1,"25":2,"26":2,"27":2,"28":2,"29":2,"30":1,"31":1,"32":1,"33":1,"34":1,"35":1,"36":1,"37":1,"38":0,"39":1,"40":1,"41":1,"42":1,"43":1,"44":1,"45":100,"46":3900,"47":37,"48":3863,"49":100,"50":100,"51":100,"52":8,"53":100,"54":1,"55":0},"f":{"0":3,"1":2,"2":2,"3":1,"4":1,"5":100,"6":3900,"7":100},"b":{"0":[1,2],"1":[1,1],"2":[1,1],"3":[1,1],"4":[1],"5":[37,3863],"6":[3900,387],"7":[8,92],"8":[100,63]},"_coverageSchema":"1a1c01bbd47fc00a2c39e90264f33305004495a9","hash":"63d460b316e53eb2cfe88df7b9eccd7260f6bf68"}
,"D:\\Agung Codes\\p2-amaryllis\\testing\\resi-server\\services\\app\\helpers\\constant.js": {"path":"D:\\Agung Codes\\p2-amaryllis\\testing\\resi-server\\services\\app\\helpers\\constant.js","statementMap":{"0":{"start":{"line":1,"column":13},"end":{"line":5,"column":1}},"1":{"start":{"line":7,"column":0},"end":{"line":7,"column":22}}},"fnMap":{},"branchMap":{},"s":{"0":3,"1":3},"f":{},"b":{},"_coverageSchema":"1a1c01bbd47fc00a2c39e90264f33305004495a9","hash":"e1192482e52fdb148c70ce7eab18c98210e9a58a"}
,"D:\\Agung Codes\\p2-amaryllis\\testing\\resi-server\\services\\app\\helpers\\findDistance.js": {"path":"D:\\Agung Codes\\p2-amaryllis\\testing\\resi-server\\services\\app\\helpers\\findDistance.js","statementMap":{"0":{"start":{"line":1,"column":0},"end":{"line":14,"column":2}},"1":{"start":{"line":2,"column":10},"end":{"line":2,"column":14}},"2":{"start":{"line":3,"column":13},"end":{"line":3,"column":33}},"3":{"start":{"line":4,"column":13},"end":{"line":4,"column":33}},"4":{"start":{"line":6,"column":4},"end":{"line":10,"column":24}},"5":{"start":{"line":11,"column":10},"end":{"line":11,"column":56}},"6":{"start":{"line":12,"column":10},"end":{"line":12,"column":15}},"7":{"start":{"line":13,"column":2},"end":{"line":13,"column":11}},"8":{"start":{"line":17,"column":2},"end":{"line":17,"column":31}}},"fnMap":{"0":{"name":"getDistanceFromLatLonInKm","decl":{"start":{"line":1,"column":26},"end":{"line":1,"column":51}},"loc":{"start":{"line":1,"column":76},"end":{"line":14,"column":1}},"line":1},"1":{"name":"deg2rad","decl":{"start":{"line":16,"column":9},"end":{"line":16,"column":16}},"loc":{"start":{"line":16,"column":22},"end":{"line":18,"column":1}},"line":16}},"branchMap":{},"s":{"0":3,"1":100,"2":100,"3":100,"4":100,"5":100,"6":100,"7":100,"8":400},"f":{"0":100,"1":400},"b":{},"_coverageSchema":"1a1c01bbd47fc00a2c39e90264f33305004495a9","hash":"59ec6405405606da6c1115d322f9ecdc3ecdf5fb"}
,"D:\\Agung Codes\\p2-amaryllis\\testing\\resi-server\\services\\app\\helpers\\jwt.js": {"path":"D:\\Agung Codes\\p2-amaryllis\\testing\\resi-server\\services\\app\\helpers\\jwt.js","statementMap":{"0":{"start":{"line":1,"column":12},"end":{"line":1,"column":35}},"1":{"start":{"line":2,"column":12},"end":{"line":2,"column":34}},"2":{"start":{"line":4,"column":0},"end":{"line":12,"column":2}},"3":{"start":{"line":6,"column":4},"end":{"line":6,"column":34}},"4":{"start":{"line":10,"column":4},"end":{"line":10,"column":34}}},"fnMap":{"0":{"name":"(anonymous_0)","decl":{"start":{"line":5,"column":2},"end":{"line":5,"column":3}},"loc":{"start":{"line":5,"column":21},"end":{"line":7,"column":3}},"line":5},"1":{"name":"(anonymous_1)","decl":{"start":{"line":9,"column":2},"end":{"line":9,"column":3}},"loc":{"start":{"line":9,"column":21},"end":{"line":11,"column":3}},"line":9}},"branchMap":{},"s":{"0":3,"1":3,"2":3,"3":3,"4":43},"f":{"0":3,"1":43},"b":{},"_coverageSchema":"1a1c01bbd47fc00a2c39e90264f33305004495a9","hash":"4d94eda820125a99f18deaa4dfd5eada3019bd46"}
,"D:\\Agung Codes\\p2-amaryllis\\testing\\resi-server\\services\\app\\middleware\\authentication.js": {"path":"D:\\Agung Codes\\p2-amaryllis\\testing\\resi-server\\services\\app\\middleware\\authentication.js","statementMap":{"0":{"start":{"line":1,"column":13},"end":{"line":1,"column":43}},"1":{"start":{"line":2,"column":24},"end":{"line":2,"column":49}},"2":{"start":{"line":4,"column":0},"end":{"line":16,"column":2}},"3":{"start":{"line":6,"column":4},"end":{"line":14,"column":5}},"4":{"start":{"line":7,"column":27},"end":{"line":7,"column":64}},"5":{"start":{"line":9,"column":6},"end":{"line":9,"column":30}},"6":{"start":{"line":11,"column":6},"end":{"line":11,"column":13}},"7":{"start":{"line":13,"column":6},"end":{"line":13,"column":18}}},"fnMap":{"0":{"name":"(anonymous_0)","decl":{"start":{"line":5,"column":2},"end":{"line":5,"column":3}},"loc":{"start":{"line":5,"column":37},"end":{"line":15,"column":3}},"line":5}},"branchMap":{},"s":{"0":3,"1":3,"2":3,"3":43,"4":43,"5":25,"6":25,"7":18},"f":{"0":43},"b":{},"_coverageSchema":"1a1c01bbd47fc00a2c39e90264f33305004495a9","hash":"a1c0d53dc923b5bac59e6de7f4c5a3a1b17f4d85"}
,"D:\\Agung Codes\\p2-amaryllis\\testing\\resi-server\\services\\app\\middleware\\error-handler.js": {"path":"D:\\Agung Codes\\p2-amaryllis\\testing\\resi-server\\services\\app\\middleware\\error-handler.js","statementMap":{"0":{"start":{"line":1,"column":13},"end":{"line":1,"column":43}},"1":{"start":{"line":3,"column":0},"end":{"line":51,"column":2}},"2":{"start":{"line":4,"column":13},"end":{"line":4,"column":15}},"3":{"start":{"line":5,"column":2},"end":{"line":48,"column":3}},"4":{"start":{"line":7,"column":6},"end":{"line":7,"column":59}},"5":{"start":{"line":8,"column":6},"end":{"line":8,"column":12}},"6":{"start":{"line":10,"column":6},"end":{"line":10,"column":67}},"7":{"start":{"line":11,"column":6},"end":{"line":11,"column":12}},"8":{"start":{"line":13,"column":6},"end":{"line":16,"column":8}},"9":{"start":{"line":17,"column":6},"end":{"line":17,"column":12}},"10":{"start":{"line":19,"column":6},"end":{"line":19,"column":70}},"11":{"start":{"line":20,"column":6},"end":{"line":20,"column":12}},"12":{"start":{"line":22,"column":6},"end":{"line":22,"column":58}},"13":{"start":{"line":23,"column":6},"end":{"line":23,"column":12}},"14":{"start":{"line":25,"column":6},"end":{"line":25,"column":60}},"15":{"start":{"line":26,"column":6},"end":{"line":26,"column":12}},"16":{"start":{"line":28,"column":6},"end":{"line":28,"column":62}},"17":{"start":{"line":29,"column":6},"end":{"line":29,"column":12}},"18":{"start":{"line":31,"column":6},"end":{"line":31,"column":57}},"19":{"start":{"line":32,"column":6},"end":{"line":32,"column":12}},"20":{"start":{"line":34,"column":6},"end":{"line":34,"column":57}},"21":{"start":{"line":35,"column":6},"end":{"line":35,"column":12}},"22":{"start":{"line":37,"column":6},"end":{"line":37,"column":55}},"23":{"start":{"line":38,"column":6},"end":{"line":38,"column":12}},"24":{"start":{"line":40,"column":6},"end":{"line":40,"column":57}},"25":{"start":{"line":41,"column":6},"end":{"line":41,"column":12}},"26":{"start":{"line":43,"column":6},"end":{"line":43,"column":62}},"27":{"start":{"line":44,"column":6},"end":{"line":44,"column":12}},"28":{"start":{"line":46,"column":6},"end":{"line":46,"column":61}},"29":{"start":{"line":47,"column":6},"end":{"line":47,"column":12}},"30":{"start":{"line":49,"column":28},"end":{"line":49,"column":32}},"31":{"start":{"line":50,"column":2},"end":{"line":50,"column":37}}},"fnMap":{"0":{"name":"(anonymous_0)","decl":{"start":{"line":3,"column":17},"end":{"line":3,"column":18}},"loc":{"start":{"line":3,"column":48},"end":{"line":51,"column":1}},"line":3}},"branchMap":{"0":{"loc":{"start":{"line":5,"column":2},"end":{"line":48,"column":3}},"type":"switch","locations":[{"start":{"line":6,"column":4},"end":{"line":8,"column":12}},{"start":{"line":9,"column":4},"end":{"line":11,"column":12}},{"start":{"line":12,"column":4},"end":{"line":17,"column":12}},{"start":{"line":18,"column":4},"end":{"line":20,"column":12}},{"start":{"line":21,"column":4},"end":{"line":23,"column":12}},{"start":{"line":24,"column":4},"end":{"line":26,"column":12}},{"start":{"line":27,"column":4},"end":{"line":29,"column":12}},{"start":{"line":30,"column":4},"end":{"line":32,"column":12}},{"start":{"line":33,"column":4},"end":{"line":35,"column":12}},{"start":{"line":36,"column":4},"end":{"line":38,"column":12}},{"start":{"line":39,"column":4},"end":{"line":41,"column":12}},{"start":{"line":42,"column":4},"end":{"line":44,"column":12}},{"start":{"line":45,"column":4},"end":{"line":47,"column":12}}],"line":5}},"s":{"0":3,"1":3,"2":34,"3":34,"4":0,"5":0,"6":0,"7":0,"8":0,"9":0,"10":0,"11":0,"12":2,"13":2,"14":2,"15":2,"16":2,"17":2,"18":2,"19":2,"20":2,"21":2,"22":2,"23":2,"24":4,"25":4,"26":18,"27":18,"28":0,"29":0,"30":34,"31":34},"f":{"0":34},"b":{"0":[0,0,0,0,2,2,2,2,2,2,4,18,0]},"_coverageSchema":"1a1c01bbd47fc00a2c39e90264f33305004495a9","hash":"570de3d50e9506698442a69a5ca34c65221382c7"}
,"D:\\Agung Codes\\p2-amaryllis\\testing\\resi-server\\services\\app\\models\\bike.js": {"path":"D:\\Agung Codes\\p2-amaryllis\\testing\\resi-server\\services\\app\\models\\bike.js","statementMap":{"0":{"start":{"line":4,"column":4},"end":{"line":4,"column":24}},"1":{"start":{"line":5,"column":0},"end":{"line":25,"column":2}},"2":{"start":{"line":16,"column":2},"end":{"line":23,"column":5}},"3":{"start":{"line":24,"column":2},"end":{"line":24,"column":14}}},"fnMap":{"0":{"name":"(anonymous_0)","decl":{"start":{"line":5,"column":17},"end":{"line":5,"column":18}},"loc":{"start":{"line":5,"column":43},"end":{"line":25,"column":1}},"line":5},"1":{"name":"(anonymous_1)","decl":{"start":{"line":12,"column":4},"end":{"line":12,"column":5}},"loc":{"start":{"line":12,"column":29},"end":{"line":14,"column":5}},"line":12}},"branchMap":{},"s":{"0":3,"1":3,"2":3,"3":3},"f":{"0":3,"1":3},"b":{},"_coverageSchema":"1a1c01bbd47fc00a2c39e90264f33305004495a9","hash":"db288096fe6d130695adaa33aa896dfb8c22b659"}
,"D:\\Agung Codes\\p2-amaryllis\\testing\\resi-server\\services\\app\\models\\book.js": {"path":"D:\\Agung Codes\\p2-amaryllis\\testing\\resi-server\\services\\app\\models\\book.js","statementMap":{"0":{"start":{"line":2,"column":18},"end":{"line":2,"column":38}},"1":{"start":{"line":3,"column":0},"end":{"line":78,"column":2}},"2":{"start":{"line":14,"column":2},"end":{"line":76,"column":4}},"3":{"start":{"line":70,"column":10},"end":{"line":70,"column":38}},"4":{"start":{"line":77,"column":2},"end":{"line":77,"column":14}}},"fnMap":{"0":{"name":"(anonymous_0)","decl":{"start":{"line":3,"column":17},"end":{"line":3,"column":18}},"loc":{"start":{"line":3,"column":43},"end":{"line":78,"column":1}},"line":3},"1":{"name":"(anonymous_1)","decl":{"start":{"line":10,"column":4},"end":{"line":10,"column":5}},"loc":{"start":{"line":10,"column":29},"end":{"line":12,"column":5}},"line":10},"2":{"name":"(anonymous_2)","decl":{"start":{"line":69,"column":22},"end":{"line":69,"column":23}},"loc":{"start":{"line":69,"column":36},"end":{"line":71,"column":9}},"line":69}},"branchMap":{},"s":{"0":3,"1":3,"2":3,"3":13,"4":3},"f":{"0":3,"1":3,"2":13},"b":{},"_coverageSchema":"1a1c01bbd47fc00a2c39e90264f33305004495a9","hash":"13cdd57a467d4c825acface7c41d6752637d852a"}
,"D:\\Agung Codes\\p2-amaryllis\\testing\\resi-server\\services\\app\\models\\index.js": {"path":"D:\\Agung Codes\\p2-amaryllis\\testing\\resi-server\\services\\app\\models\\index.js","statementMap":{"0":{"start":{"line":3,"column":11},"end":{"line":3,"column":24}},"1":{"start":{"line":4,"column":13},"end":{"line":4,"column":28}},"2":{"start":{"line":5,"column":18},"end":{"line":5,"column":38}},"3":{"start":{"line":6,"column":17},"end":{"line":6,"column":42}},"4":{"start":{"line":7,"column":12},"end":{"line":7,"column":49}},"5":{"start":{"line":8,"column":15},"end":{"line":8,"column":65}},"6":{"start":{"line":9,"column":11},"end":{"line":9,"column":13}},"7":{"start":{"line":12,"column":0},"end":{"line":16,"column":1}},"8":{"start":{"line":13,"column":2},"end":{"line":13,"column":74}},"9":{"start":{"line":15,"column":2},"end":{"line":15,"column":87}},"10":{"start":{"line":18,"column":0},"end":{"line":26,"column":5}},"11":{"start":{"line":21,"column":4},"end":{"line":21,"column":90}},"12":{"start":{"line":24,"column":18},"end":{"line":24,"column":85}},"13":{"start":{"line":25,"column":4},"end":{"line":25,"column":27}},"14":{"start":{"line":28,"column":0},"end":{"line":32,"column":3}},"15":{"start":{"line":29,"column":2},"end":{"line":31,"column":3}},"16":{"start":{"line":30,"column":4},"end":{"line":30,"column":32}},"17":{"start":{"line":34,"column":0},"end":{"line":34,"column":25}},"18":{"start":{"line":35,"column":0},"end":{"line":35,"column":25}},"19":{"start":{"line":37,"column":0},"end":{"line":37,"column":20}}},"fnMap":{"0":{"name":"(anonymous_0)","decl":{"start":{"line":20,"column":10},"end":{"line":20,"column":11}},"loc":{"start":{"line":20,"column":18},"end":{"line":22,"column":3}},"line":20},"1":{"name":"(anonymous_1)","decl":{"start":{"line":23,"column":11},"end":{"line":23,"column":12}},"loc":{"start":{"line":23,"column":19},"end":{"line":26,"column":3}},"line":23},"2":{"name":"(anonymous_2)","decl":{"start":{"line":28,"column":24},"end":{"line":28,"column":25}},"loc":{"start":{"line":28,"column":37},"end":{"line":32,"column":1}},"line":28}},"branchMap":{"0":{"loc":{"start":{"line":7,"column":12},"end":{"line":7,"column":49}},"type":"binary-expr","locations":[{"start":{"line":7,"column":12},"end":{"line":7,"column":32}},{"start":{"line":7,"column":36},"end":{"line":7,"column":49}}],"line":7},"1":{"loc":{"start":{"line":12,"column":0},"end":{"line":16,"column":1}},"type":"if","locations":[{"start":{"line":12,"column":0},"end":{"line":16,"column":1}},{"start":{"line":14,"column":7},"end":{"line":16,"column":1}}],"line":12},"2":{"loc":{"start":{"line":21,"column":11},"end":{"line":21,"column":89}},"type":"binary-expr","locations":[{"start":{"line":21,"column":12},"end":{"line":21,"column":35}},{"start":{"line":21,"column":41},"end":{"line":21,"column":58}},{"start":{"line":21,"column":64},"end":{"line":21,"column":88}}],"line":21},"3":{"loc":{"start":{"line":29,"column":2},"end":{"line":31,"column":3}},"type":"if","locations":[{"start":{"line":29,"column":2},"end":{"line":31,"column":3}},{"start":{},"end":{}}],"line":29}},"s":{"0":3,"1":3,"2":3,"3":3,"4":3,"5":3,"6":3,"7":3,"8":0,"9":3,"10":3,"11":12,"12":9,"13":9,"14":3,"15":9,"16":9,"17":3,"18":3,"19":3},"f":{"0":12,"1":9,"2":9},"b":{"0":[3,0],"1":[0,3],"2":[12,12,9],"3":[9,0]},"_coverageSchema":"1a1c01bbd47fc00a2c39e90264f33305004495a9","hash":"59d395a9f347260a06df2ad579fe3123c124d137"}
,"D:\\Agung Codes\\p2-amaryllis\\testing\\resi-server\\services\\app\\models\\schedule.js": {"path":"D:\\Agung Codes\\p2-amaryllis\\testing\\resi-server\\services\\app\\models\\schedule.js","statementMap":{"0":{"start":{"line":4,"column":4},"end":{"line":4,"column":24}},"1":{"start":{"line":5,"column":0},"end":{"line":23,"column":2}},"2":{"start":{"line":16,"column":2},"end":{"line":21,"column":5}},"3":{"start":{"line":22,"column":2},"end":{"line":22,"column":18}}},"fnMap":{"0":{"name":"(anonymous_0)","decl":{"start":{"line":5,"column":17},"end":{"line":5,"column":18}},"loc":{"start":{"line":5,"column":43},"end":{"line":23,"column":1}},"line":5},"1":{"name":"(anonymous_1)","decl":{"start":{"line":12,"column":4},"end":{"line":12,"column":5}},"loc":{"start":{"line":12,"column":29},"end":{"line":14,"column":5}},"line":12}},"branchMap":{},"s":{"0":3,"1":3,"2":3,"3":3},"f":{"0":3,"1":3},"b":{},"_coverageSchema":"1a1c01bbd47fc00a2c39e90264f33305004495a9","hash":"c0028e5369d800e8f7ed3caf592d330cbede8feb"}
,"D:\\Agung Codes\\p2-amaryllis\\testing\\resi-server\\services\\app\\routes\\bike.js": {"path":"D:\\Agung Codes\\p2-amaryllis\\testing\\resi-server\\services\\app\\routes\\bike.js","statementMap":{"0":{"start":{"line":1,"column":16},"end":{"line":1,"column":34}},"1":{"start":{"line":2,"column":19},"end":{"line":2,"column":49}},"2":{"start":{"line":3,"column":15},"end":{"line":3,"column":31}},"3":{"start":{"line":5,"column":0},"end":{"line":5,"column":37}},"4":{"start":{"line":7,"column":0},"end":{"line":7,"column":24}}},"fnMap":{},"branchMap":{},"s":{"0":3,"1":3,"2":3,"3":3,"4":3},"f":{},"b":{},"_coverageSchema":"1a1c01bbd47fc00a2c39e90264f33305004495a9","hash":"5491db64c15f032a7b3d6308428edc415ab0ace7"}
,"D:\\Agung Codes\\p2-amaryllis\\testing\\resi-server\\services\\app\\routes\\customer.js": {"path":"D:\\Agung Codes\\p2-amaryllis\\testing\\resi-server\\services\\app\\routes\\customer.js","statementMap":{"0":{"start":{"line":1,"column":16},"end":{"line":1,"column":34}},"1":{"start":{"line":2,"column":19},"end":{"line":2,"column":53}},"2":{"start":{"line":3,"column":15},"end":{"line":3,"column":31}},"3":{"start":{"line":5,"column":0},"end":{"line":5,"column":44}},"4":{"start":{"line":6,"column":0},"end":{"line":6,"column":40}},"5":{"start":{"line":7,"column":0},"end":{"line":7,"column":53}},"6":{"start":{"line":9,"column":0},"end":{"line":9,"column":24}}},"fnMap":{},"branchMap":{},"s":{"0":3,"1":3,"2":3,"3":3,"4":3,"5":3,"6":3},"f":{},"b":{},"_coverageSchema":"1a1c01bbd47fc00a2c39e90264f33305004495a9","hash":"f147a4a12c20cced8f2aae93e826fa28432f0cfd"}
,"D:\\Agung Codes\\p2-amaryllis\\testing\\resi-server\\services\\app\\routes\\index.js": {"path":"D:\\Agung Codes\\p2-amaryllis\\testing\\resi-server\\services\\app\\routes\\index.js","statementMap":{"0":{"start":{"line":1,"column":16},"end":{"line":1,"column":34}},"1":{"start":{"line":2,"column":15},"end":{"line":2,"column":31}},"2":{"start":{"line":3,"column":23},"end":{"line":3,"column":44}},"3":{"start":{"line":4,"column":21},"end":{"line":4,"column":40}},"4":{"start":{"line":5,"column":19},"end":{"line":5,"column":36}},"5":{"start":{"line":6,"column":27},"end":{"line":6,"column":66}},"6":{"start":{"line":8,"column":0},"end":{"line":8,"column":27}},"7":{"start":{"line":9,"column":0},"end":{"line":9,"column":33}},"8":{"start":{"line":10,"column":0},"end":{"line":10,"column":41}},"9":{"start":{"line":11,"column":0},"end":{"line":11,"column":37}},"10":{"start":{"line":13,"column":0},"end":{"line":13,"column":24}}},"fnMap":{},"branchMap":{},"s":{"0":3,"1":3,"2":3,"3":3,"4":3,"5":3,"6":3,"7":3,"8":3,"9":3,"10":3},"f":{},"b":{},"_coverageSchema":"1a1c01bbd47fc00a2c39e90264f33305004495a9","hash":"477e32ab285623ea22d05f04efff70ae48e35f9f"}
,"D:\\Agung Codes\\p2-amaryllis\\testing\\resi-server\\services\\app\\routes\\washer.js": {"path":"D:\\Agung Codes\\p2-amaryllis\\testing\\resi-server\\services\\app\\routes\\washer.js","statementMap":{"0":{"start":{"line":1,"column":16},"end":{"line":1,"column":34}},"1":{"start":{"line":2,"column":19},"end":{"line":2,"column":51}},"2":{"start":{"line":3,"column":15},"end":{"line":3,"column":31}},"3":{"start":{"line":5,"column":0},"end":{"line":5,"column":41}},"4":{"start":{"line":6,"column":0},"end":{"line":6,"column":53}},"5":{"start":{"line":7,"column":0},"end":{"line":7,"column":53}},"6":{"start":{"line":8,"column":0},"end":{"line":8,"column":62}},"7":{"start":{"line":9,"column":0},"end":{"line":9,"column":64}},"8":{"start":{"line":11,"column":0},"end":{"line":11,"column":24}}},"fnMap":{},"branchMap":{},"s":{"0":3,"1":3,"2":3,"3":3,"4":3,"5":3,"6":3,"7":3,"8":3},"f":{},"b":{},"_coverageSchema":"1a1c01bbd47fc00a2c39e90264f33305004495a9","hash":"35ed2237e0ed9184f76a436b7781da7f481b5933"}
}
