TN:
SF:app.js
FNF:0
FNH:0
DA:1,3
DA:2,3
DA:4,3
DA:5,3
DA:6,3
DA:8,3
DA:9,3
DA:10,3
DA:11,3
DA:12,3
DA:14,3
LF:11
LH:11
BRDA:1,0,0,3
BRDA:1,0,1,0
BRF:2
BRH:1
end_of_record
TN:
SF:controllers\bike.js
FN:4,(anonymous_0)
FNF:1
FNH:1
FNDA:1,(anonymous_0)
DA:1,3
DA:3,3
DA:5,1
DA:6,1
DA:7,1
DA:9,0
LF:6
LH:5
BRF:0
BRH:0
end_of_record
TN:
SF:controllers\customer.js
FN:4,(anonymous_0)
FN:18,(anonymous_1)
FN:32,(anonymous_2)
FN:60,(anonymous_3)
FNF:4
FNH:3
FNDA:1,(anonymous_0)
FNDA:0,(anonymous_1)
FNDA:11,(anonymous_2)
FNDA:3,(anonymous_3)
DA:1,3
DA:3,3
DA:5,1
DA:6,1
DA:8,1
DA:12,1
DA:14,0
DA:19,0
DA:20,0
DA:22,0
DA:26,0
DA:28,0
DA:33,11
DA:34,11
DA:35,11
DA:37,11
DA:38,9
DA:39,7
DA:40,5
DA:41,3
DA:43,1
DA:52,1
DA:56,10
DA:61,3
DA:62,3
DA:63,3
DA:65,3
DA:67,2
DA:69,2
DA:71,1
DA:72,1
DA:76,2
LF:32
LH:26
BRDA:37,0,0,2
BRDA:37,0,1,9
BRDA:38,1,0,2
BRDA:38,1,1,7
BRDA:39,2,0,2
BRDA:39,2,1,5
BRDA:40,3,0,2
BRDA:40,3,1,3
BRDA:41,4,0,2
BRDA:41,4,1,1
BRDA:65,5,0,1
BRDA:65,5,1,2
BRDA:69,6,0,1
BRDA:69,6,1,1
BRF:14
BRH:14
end_of_record
TN:
SF:controllers\washer.js
FN:6,(anonymous_0)
FN:30,(anonymous_1)
FN:51,(anonymous_2)
FN:68,(anonymous_3)
FN:86,(anonymous_4)
FN:99,(anonymous_5)
FN:100,(anonymous_6)
FN:119,(anonymous_7)
FNF:8
FNH:8
FNDA:3,(anonymous_0)
FNDA:2,(anonymous_1)
FNDA:2,(anonymous_2)
FNDA:1,(anonymous_3)
FNDA:1,(anonymous_4)
FNDA:100,(anonymous_5)
FNDA:3900,(anonymous_6)
FNDA:100,(anonymous_7)
DA:1,3
DA:2,3
DA:3,3
DA:5,3
DA:7,3
DA:8,3
DA:9,3
DA:10,3
DA:12,3
DA:14,2
DA:18,2
DA:20,1
DA:22,1
DA:26,2
DA:31,2
DA:32,2
DA:33,2
DA:35,2
DA:39,2
DA:41,1
DA:43,1
DA:47,1
DA:52,2
DA:53,2
DA:54,2
DA:56,2
DA:58,2
DA:60,1
DA:62,1
DA:64,1
DA:69,1
DA:70,1
DA:72,1
DA:80,1
DA:82,0
DA:87,1
DA:88,1
DA:89,1
DA:90,1
DA:94,1
DA:98,1
DA:100,100
DA:101,3900
DA:105,37
DA:106,3863
DA:108,100
DA:109,100
DA:115,100
DA:116,8
DA:119,100
DA:121,1
DA:123,0
LF:52
LH:50
BRDA:12,0,0,1
BRDA:12,0,1,2
BRDA:18,1,0,1
BRDA:18,1,1,1
BRDA:39,2,0,1
BRDA:39,2,1,1
BRDA:58,3,0,1
BRDA:58,3,1,1
BRDA:88,4,0,1
BRDA:101,5,0,37
BRDA:101,5,1,3863
BRDA:102,6,0,3900
BRDA:102,6,1,387
BRDA:115,7,0,8
BRDA:115,7,1,92
BRDA:115,8,0,100
BRDA:115,8,1,63
BRF:17
BRH:17
end_of_record
TN:
SF:helpers\constant.js
FNF:0
FNH:0
DA:1,3
DA:7,3
LF:2
LH:2
BRF:0
BRH:0
end_of_record
TN:
SF:helpers\findDistance.js
FN:1,getDistanceFromLatLonInKm
FN:16,deg2rad
FNF:2
FNH:2
FNDA:100,getDistanceFromLatLonInKm
FNDA:400,deg2rad
DA:1,3
DA:2,100
DA:3,100
DA:4,100
DA:6,100
DA:11,100
DA:12,100
DA:13,100
DA:17,400
LF:9
LH:9
BRF:0
BRH:0
end_of_record
TN:
SF:helpers\jwt.js
FN:5,(anonymous_0)
FN:9,(anonymous_1)
FNF:2
FNH:2
FNDA:3,(anonymous_0)
FNDA:43,(anonymous_1)
DA:1,3
DA:2,3
DA:4,3
DA:6,3
DA:10,43
LF:5
LH:5
BRF:0
BRH:0
end_of_record
TN:
SF:middleware\authentication.js
FN:5,(anonymous_0)
FNF:1
FNH:1
FNDA:43,(anonymous_0)
DA:1,3
DA:2,3
DA:4,3
DA:6,43
DA:7,43
DA:9,25
DA:11,25
DA:13,18
LF:8
LH:8
BRF:0
BRH:0
end_of_record
TN:
SF:middleware\error-handler.js
FN:3,(anonymous_0)
FNF:1
FNH:1
FNDA:34,(anonymous_0)
DA:1,3
DA:3,3
DA:4,34
DA:5,34
DA:7,0
DA:8,0
DA:10,0
DA:11,0
DA:13,0
DA:17,0
DA:19,0
DA:20,0
DA:22,2
DA:23,2
DA:25,2
DA:26,2
DA:28,2
DA:29,2
DA:31,2
DA:32,2
DA:34,2
DA:35,2
DA:37,2
DA:38,2
DA:40,4
DA:41,4
DA:43,18
DA:44,18
DA:46,0
DA:47,0
DA:49,34
DA:50,34
LF:32
LH:22
BRDA:5,0,0,0
BRDA:5,0,1,0
BRDA:5,0,2,0
BRDA:5,0,3,0
BRDA:5,0,4,2
BRDA:5,0,5,2
BRDA:5,0,6,2
BRDA:5,0,7,2
BRDA:5,0,8,2
BRDA:5,0,9,2
BRDA:5,0,10,4
BRDA:5,0,11,18
BRDA:5,0,12,0
BRF:13
BRH:8
end_of_record
TN:
SF:models\bike.js
FN:5,(anonymous_0)
FN:12,(anonymous_1)
FNF:2
FNH:2
FNDA:3,(anonymous_0)
FNDA:3,(anonymous_1)
DA:4,3
DA:5,3
DA:16,3
DA:24,3
LF:4
LH:4
BRF:0
BRH:0
end_of_record
TN:
SF:models\book.js
FN:3,(anonymous_0)
FN:10,(anonymous_1)
FN:69,(anonymous_2)
FNF:3
FNH:3
FNDA:3,(anonymous_0)
FNDA:3,(anonymous_1)
FNDA:13,(anonymous_2)
DA:2,3
DA:3,3
DA:14,3
DA:70,13
DA:77,3
LF:5
LH:5
BRF:0
BRH:0
end_of_record
TN:
SF:models\index.js
FN:20,(anonymous_0)
FN:23,(anonymous_1)
FN:28,(anonymous_2)
FNF:3
FNH:3
FNDA:12,(anonymous_0)
FNDA:9,(anonymous_1)
FNDA:9,(anonymous_2)
DA:3,3
DA:4,3
DA:5,3
DA:6,3
DA:7,3
DA:8,3
DA:9,3
DA:12,3
DA:13,0
DA:15,3
DA:18,3
DA:21,12
DA:24,9
DA:25,9
DA:28,3
DA:29,9
DA:30,9
DA:34,3
DA:35,3
DA:37,3
LF:20
LH:19
BRDA:7,0,0,3
BRDA:7,0,1,0
BRDA:12,1,0,0
BRDA:12,1,1,3
BRDA:21,2,0,12
BRDA:21,2,1,12
BRDA:21,2,2,9
BRDA:29,3,0,9
BRDA:29,3,1,0
BRF:9
BRH:6
end_of_record
TN:
SF:models\schedule.js
FN:5,(anonymous_0)
FN:12,(anonymous_1)
FNF:2
FNH:2
FNDA:3,(anonymous_0)
FNDA:3,(anonymous_1)
DA:4,3
DA:5,3
DA:16,3
DA:22,3
LF:4
LH:4
BRF:0
BRH:0
end_of_record
TN:
SF:routes\bike.js
FNF:0
FNH:0
DA:1,3
DA:2,3
DA:3,3
DA:5,3
DA:7,3
LF:5
LH:5
BRF:0
BRH:0
end_of_record
TN:
SF:routes\customer.js
FNF:0
FNH:0
DA:1,3
DA:2,3
DA:3,3
DA:5,3
DA:6,3
DA:7,3
DA:9,3
LF:7
LH:7
BRF:0
BRH:0
end_of_record
TN:
SF:routes\index.js
FNF:0
FNH:0
DA:1,3
DA:2,3
DA:3,3
DA:4,3
DA:5,3
DA:6,3
DA:8,3
DA:9,3
DA:10,3
DA:11,3
DA:13,3
LF:11
LH:11
BRF:0
BRH:0
end_of_record
TN:
SF:routes\washer.js
FNF:0
FNH:0
DA:1,3
DA:2,3
DA:3,3
DA:5,3
DA:6,3
DA:7,3
DA:8,3
DA:9,3
DA:11,3
LF:9
LH:9
BRF:0
BRH:0
end_of_record
