{"D:\\Agung Codes\\p2-amaryllis\\testing\\resi-server\\services\\users\\app.js": {"path":"D:\\Agung Codes\\p2-amaryllis\\testing\\resi-server\\services\\users\\app.js","statementMap":{"0":{"start":{"line":1,"column":0},"end":{"line":3,"column":1}},"1":{"start":{"line":2,"column":2},"end":{"line":2,"column":29}},"2":{"start":{"line":4,"column":16},"end":{"line":4,"column":34}},"3":{"start":{"line":5,"column":13},"end":{"line":5,"column":28}},"4":{"start":{"line":6,"column":12},"end":{"line":6,"column":21}},"5":{"start":{"line":8,"column":0},"end":{"line":8,"column":16}},"6":{"start":{"line":9,"column":0},"end":{"line":9,"column":24}},"7":{"start":{"line":10,"column":0},"end":{"line":10,"column":49}},"8":{"start":{"line":11,"column":0},"end":{"line":11,"column":35}},"9":{"start":{"line":12,"column":0},"end":{"line":12,"column":47}},"10":{"start":{"line":14,"column":0},"end":{"line":14,"column":21}}},"fnMap":{},"branchMap":{"0":{"loc":{"start":{"line":1,"column":0},"end":{"line":3,"column":1}},"type":"if","locations":[{"start":{"line":1,"column":0},"end":{"line":3,"column":1}},{"start":{},"end":{}}],"line":1}},"s":{"0":5,"1":5,"2":5,"3":5,"4":5,"5":5,"6":5,"7":5,"8":5,"9":5,"10":5},"f":{},"b":{"0":[5,0]},"_coverageSchema":"1a1c01bbd47fc00a2c39e90264f33305004495a9","hash":"85e7717a61c9a38d624dbffcc98301386904beb4"}
,"D:\\Agung Codes\\p2-amaryllis\\testing\\resi-server\\services\\users\\controllers\\index.js": {"path":"D:\\Agung Codes\\p2-amaryllis\\testing\\resi-server\\services\\users\\controllers\\index.js","statementMap":{"0":{"start":{"line":1,"column":24},"end":{"line":1,"column":49}},"1":{"start":{"line":2,"column":17},"end":{"line":2,"column":37}},"2":{"start":{"line":3,"column":24},"end":{"line":3,"column":52}},"3":{"start":{"line":7,"column":4},"end":{"line":23,"column":5}},"4":{"start":{"line":8,"column":69},"end":{"line":8,"column":77}},"5":{"start":{"line":9,"column":22},"end":{"line":16,"column":8}},"6":{"start":{"line":17,"column":22},"end":{"line":17,"column":40}},"7":{"start":{"line":18,"column":27},"end":{"line":18,"column":47}},"8":{"start":{"line":20,"column":6},"end":{"line":20,"column":45}},"9":{"start":{"line":22,"column":6},"end":{"line":22,"column":18}},"10":{"start":{"line":27,"column":4},"end":{"line":44,"column":5}},"11":{"start":{"line":28,"column":34},"end":{"line":28,"column":42}},"12":{"start":{"line":29,"column":6},"end":{"line":29,"column":54}},"13":{"start":{"line":29,"column":18},"end":{"line":29,"column":54}},"14":{"start":{"line":30,"column":6},"end":{"line":30,"column":60}},"15":{"start":{"line":30,"column":21},"end":{"line":30,"column":60}},"16":{"start":{"line":32,"column":19},"end":{"line":32,"column":59}},"17":{"start":{"line":33,"column":6},"end":{"line":33,"column":58}},"18":{"start":{"line":33,"column":17},"end":{"line":33,"column":58}},"19":{"start":{"line":35,"column":27},"end":{"line":35,"column":63}},"20":{"start":{"line":36,"column":6},"end":{"line":36,"column":66}},"21":{"start":{"line":36,"column":25},"end":{"line":36,"column":66}},"22":{"start":{"line":38,"column":22},"end":{"line":38,"column":37}},"23":{"start":{"line":39,"column":27},"end":{"line":39,"column":47}},"24":{"start":{"line":41,"column":6},"end":{"line":41,"column":45}},"25":{"start":{"line":43,"column":6},"end":{"line":43,"column":18}},"26":{"start":{"line":48,"column":4},"end":{"line":58,"column":5}},"27":{"start":{"line":49,"column":21},"end":{"line":49,"column":29}},"28":{"start":{"line":50,"column":19},"end":{"line":52,"column":8}},"29":{"start":{"line":53,"column":6},"end":{"line":53,"column":50}},"30":{"start":{"line":53,"column":17},"end":{"line":53,"column":50}},"31":{"start":{"line":55,"column":6},"end":{"line":55,"column":33}},"32":{"start":{"line":57,"column":6},"end":{"line":57,"column":18}},"33":{"start":{"line":62,"column":4},"end":{"line":73,"column":5}},"34":{"start":{"line":63,"column":55},"end":{"line":63,"column":63}},"35":{"start":{"line":64,"column":22},"end":{"line":67,"column":7}},"36":{"start":{"line":68,"column":6},"end":{"line":68,"column":53}},"37":{"start":{"line":68,"column":23},"end":{"line":68,"column":53}},"38":{"start":{"line":70,"column":6},"end":{"line":70,"column":59}},"39":{"start":{"line":72,"column":6},"end":{"line":72,"column":18}},"40":{"start":{"line":77,"column":4},"end":{"line":89,"column":5}},"41":{"start":{"line":78,"column":20},"end":{"line":78,"column":37}},"42":{"start":{"line":79,"column":28},"end":{"line":82,"column":7}},"43":{"start":{"line":84,"column":6},"end":{"line":84,"column":59}},"44":{"start":{"line":84,"column":29},"end":{"line":84,"column":59}},"45":{"start":{"line":86,"column":6},"end":{"line":86,"column":59}},"46":{"start":{"line":88,"column":6},"end":{"line":88,"column":18}},"47":{"start":{"line":93,"column":4},"end":{"line":99,"column":5}},"48":{"start":{"line":94,"column":21},"end":{"line":94,"column":29}},"49":{"start":{"line":95,"column":6},"end":{"line":95,"column":44}},"50":{"start":{"line":96,"column":6},"end":{"line":96,"column":59}},"51":{"start":{"line":98,"column":6},"end":{"line":98,"column":18}},"52":{"start":{"line":103,"column":0},"end":{"line":103,"column":28}}},"fnMap":{"0":{"name":"(anonymous_0)","decl":{"start":{"line":6,"column":2},"end":{"line":6,"column":3}},"loc":{"start":{"line":6,"column":40},"end":{"line":24,"column":3}},"line":6},"1":{"name":"(anonymous_1)","decl":{"start":{"line":26,"column":2},"end":{"line":26,"column":3}},"loc":{"start":{"line":26,"column":37},"end":{"line":45,"column":3}},"line":26},"2":{"name":"(anonymous_2)","decl":{"start":{"line":47,"column":2},"end":{"line":47,"column":3}},"loc":{"start":{"line":47,"column":36},"end":{"line":59,"column":3}},"line":47},"3":{"name":"(anonymous_3)","decl":{"start":{"line":61,"column":2},"end":{"line":61,"column":3}},"loc":{"start":{"line":61,"column":45},"end":{"line":74,"column":3}},"line":61},"4":{"name":"(anonymous_4)","decl":{"start":{"line":76,"column":2},"end":{"line":76,"column":3}},"loc":{"start":{"line":76,"column":45},"end":{"line":90,"column":3}},"line":76},"5":{"name":"(anonymous_5)","decl":{"start":{"line":92,"column":2},"end":{"line":92,"column":3}},"loc":{"start":{"line":92,"column":38},"end":{"line":100,"column":3}},"line":92}},"branchMap":{"0":{"loc":{"start":{"line":29,"column":6},"end":{"line":29,"column":54}},"type":"if","locations":[{"start":{"line":29,"column":6},"end":{"line":29,"column":54}},{"start":{},"end":{}}],"line":29},"1":{"loc":{"start":{"line":30,"column":6},"end":{"line":30,"column":60}},"type":"if","locations":[{"start":{"line":30,"column":6},"end":{"line":30,"column":60}},{"start":{},"end":{}}],"line":30},"2":{"loc":{"start":{"line":33,"column":6},"end":{"line":33,"column":58}},"type":"if","locations":[{"start":{"line":33,"column":6},"end":{"line":33,"column":58}},{"start":{},"end":{}}],"line":33},"3":{"loc":{"start":{"line":36,"column":6},"end":{"line":36,"column":66}},"type":"if","locations":[{"start":{"line":36,"column":6},"end":{"line":36,"column":66}},{"start":{},"end":{}}],"line":36},"4":{"loc":{"start":{"line":53,"column":6},"end":{"line":53,"column":50}},"type":"if","locations":[{"start":{"line":53,"column":6},"end":{"line":53,"column":50}},{"start":{},"end":{}}],"line":53},"5":{"loc":{"start":{"line":68,"column":6},"end":{"line":68,"column":53}},"type":"if","locations":[{"start":{"line":68,"column":6},"end":{"line":68,"column":53}},{"start":{},"end":{}}],"line":68},"6":{"loc":{"start":{"line":84,"column":6},"end":{"line":84,"column":59}},"type":"if","locations":[{"start":{"line":84,"column":6},"end":{"line":84,"column":59}},{"start":{},"end":{}}],"line":84}},"s":{"0":5,"1":5,"2":5,"3":26,"4":26,"5":26,"6":2,"7":2,"8":2,"9":24,"10":13,"11":13,"12":13,"13":0,"14":13,"15":0,"16":13,"17":13,"18":2,"19":11,"20":11,"21":2,"22":9,"23":9,"24":9,"25":4,"26":2,"27":2,"28":2,"29":2,"30":0,"31":2,"32":0,"33":10,"34":10,"35":10,"36":2,"37":0,"38":2,"39":8,"40":1,"41":1,"42":1,"43":1,"44":0,"45":1,"46":0,"47":2,"48":2,"49":2,"50":2,"51":0,"52":5},"f":{"0":26,"1":13,"2":2,"3":10,"4":1,"5":2},"b":{"0":[0,13],"1":[0,13],"2":[2,11],"3":[2,9],"4":[0,2],"5":[0,2],"6":[0,1]},"_coverageSchema":"1a1c01bbd47fc00a2c39e90264f33305004495a9","hash":"535ffc60150f818fc639be68b71a58696c90757a"}
,"D:\\Agung Codes\\p2-amaryllis\\testing\\resi-server\\services\\users\\helpers\\bcrypt.js": {"path":"D:\\Agung Codes\\p2-amaryllis\\testing\\resi-server\\services\\users\\helpers\\bcrypt.js","statementMap":{"0":{"start":{"line":1,"column":15},"end":{"line":1,"column":34}},"1":{"start":{"line":2,"column":21},"end":{"line":2,"column":63}},"2":{"start":{"line":2,"column":35},"end":{"line":2,"column":63}},"3":{"start":{"line":3,"column":20},"end":{"line":3,"column":78}},"4":{"start":{"line":3,"column":42},"end":{"line":3,"column":78}},"5":{"start":{"line":5,"column":0},"end":{"line":5,"column":47}}},"fnMap":{"0":{"name":"(anonymous_0)","decl":{"start":{"line":2,"column":21},"end":{"line":2,"column":22}},"loc":{"start":{"line":2,"column":35},"end":{"line":2,"column":63}},"line":2},"1":{"name":"(anonymous_1)","decl":{"start":{"line":3,"column":20},"end":{"line":3,"column":21}},"loc":{"start":{"line":3,"column":42},"end":{"line":3,"column":78}},"line":3}},"branchMap":{},"s":{"0":5,"1":5,"2":18,"3":5,"4":11,"5":5},"f":{"0":18,"1":11},"b":{},"_coverageSchema":"1a1c01bbd47fc00a2c39e90264f33305004495a9","hash":"12cc89121219024e7c66f3caccb762a284d68583"}
,"D:\\Agung Codes\\p2-amaryllis\\testing\\resi-server\\services\\users\\helpers\\jwt.js": {"path":"D:\\Agung Codes\\p2-amaryllis\\testing\\resi-server\\services\\users\\helpers\\jwt.js","statementMap":{"0":{"start":{"line":1,"column":0},"end":{"line":1,"column":26}},"1":{"start":{"line":3,"column":12},"end":{"line":3,"column":35}},"2":{"start":{"line":4,"column":15},"end":{"line":4,"column":37}},"3":{"start":{"line":6,"column":20},"end":{"line":6,"column":58}},"4":{"start":{"line":6,"column":33},"end":{"line":6,"column":58}},"5":{"start":{"line":7,"column":20},"end":{"line":7,"column":56}},"6":{"start":{"line":7,"column":31},"end":{"line":7,"column":56}},"7":{"start":{"line":9,"column":0},"end":{"line":9,"column":46}}},"fnMap":{"0":{"name":"(anonymous_0)","decl":{"start":{"line":6,"column":20},"end":{"line":6,"column":21}},"loc":{"start":{"line":6,"column":33},"end":{"line":6,"column":58}},"line":6},"1":{"name":"(anonymous_1)","decl":{"start":{"line":7,"column":20},"end":{"line":7,"column":21}},"loc":{"start":{"line":7,"column":31},"end":{"line":7,"column":56}},"line":7}},"branchMap":{},"s":{"0":5,"1":5,"2":5,"3":5,"4":11,"5":5,"6":20,"7":5},"f":{"0":11,"1":20},"b":{},"_coverageSchema":"1a1c01bbd47fc00a2c39e90264f33305004495a9","hash":"2f43b594111a8394b2dab81f0cc97e2dbd61e4c6"}
,"D:\\Agung Codes\\p2-amaryllis\\testing\\resi-server\\services\\users\\middlewares\\authentication.js": {"path":"D:\\Agung Codes\\p2-amaryllis\\testing\\resi-server\\services\\users\\middlewares\\authentication.js","statementMap":{"0":{"start":{"line":1,"column":22},"end":{"line":1,"column":47}},"1":{"start":{"line":2,"column":15},"end":{"line":2,"column":35}},"2":{"start":{"line":4,"column":23},"end":{"line":18,"column":1}},"3":{"start":{"line":5,"column":2},"end":{"line":17,"column":3}},"4":{"start":{"line":6,"column":27},"end":{"line":6,"column":38}},"5":{"start":{"line":7,"column":4},"end":{"line":7,"column":56}},"6":{"start":{"line":7,"column":22},"end":{"line":7,"column":56}},"7":{"start":{"line":9,"column":20},"end":{"line":9,"column":45}},"8":{"start":{"line":10,"column":17},"end":{"line":10,"column":48}},"9":{"start":{"line":11,"column":4},"end":{"line":11,"column":42}},"10":{"start":{"line":11,"column":14},"end":{"line":11,"column":42}},"11":{"start":{"line":13,"column":4},"end":{"line":13,"column":45}},"12":{"start":{"line":14,"column":4},"end":{"line":14,"column":10}},"13":{"start":{"line":16,"column":4},"end":{"line":16,"column":15}},"14":{"start":{"line":20,"column":0},"end":{"line":20,"column":31}}},"fnMap":{"0":{"name":"(anonymous_0)","decl":{"start":{"line":4,"column":23},"end":{"line":4,"column":24}},"loc":{"start":{"line":4,"column":49},"end":{"line":18,"column":1}},"line":4}},"branchMap":{"0":{"loc":{"start":{"line":7,"column":4},"end":{"line":7,"column":56}},"type":"if","locations":[{"start":{"line":7,"column":4},"end":{"line":7,"column":56}},{"start":{},"end":{}}],"line":7},"1":{"loc":{"start":{"line":11,"column":4},"end":{"line":11,"column":42}},"type":"if","locations":[{"start":{"line":11,"column":4},"end":{"line":11,"column":42}},{"start":{},"end":{}}],"line":11}},"s":{"0":5,"1":5,"2":5,"3":25,"4":25,"5":25,"6":5,"7":20,"8":15,"9":15,"10":0,"11":15,"12":15,"13":10,"14":5},"f":{"0":25},"b":{"0":[5,20],"1":[0,15]},"_coverageSchema":"1a1c01bbd47fc00a2c39e90264f33305004495a9","hash":"85c72a2982857f68d0e896b5dadc1e4c192ebcbd"}
,"D:\\Agung Codes\\p2-amaryllis\\testing\\resi-server\\services\\users\\middlewares\\errorHandler.js": {"path":"D:\\Agung Codes\\p2-amaryllis\\testing\\resi-server\\services\\users\\middlewares\\errorHandler.js","statementMap":{"0":{"start":{"line":1,"column":21},"end":{"line":34,"column":1}},"1":{"start":{"line":2,"column":2},"end":{"line":2,"column":13}},"2":{"start":{"line":3,"column":2},"end":{"line":3,"column":36}},"3":{"start":{"line":4,"column":2},"end":{"line":31,"column":3}},"4":{"start":{"line":8,"column":4},"end":{"line":8,"column":15}},"5":{"start":{"line":9,"column":4},"end":{"line":9,"column":36}},"6":{"start":{"line":10,"column":9},"end":{"line":31,"column":3}},"7":{"start":{"line":14,"column":4},"end":{"line":14,"column":15}},"8":{"start":{"line":15,"column":4},"end":{"line":15,"column":23}},"9":{"start":{"line":16,"column":9},"end":{"line":31,"column":3}},"10":{"start":{"line":17,"column":4},"end":{"line":17,"column":15}},"11":{"start":{"line":18,"column":4},"end":{"line":18,"column":23}},"12":{"start":{"line":19,"column":9},"end":{"line":31,"column":3}},"13":{"start":{"line":20,"column":4},"end":{"line":20,"column":15}},"14":{"start":{"line":21,"column":4},"end":{"line":21,"column":23}},"15":{"start":{"line":22,"column":9},"end":{"line":31,"column":3}},"16":{"start":{"line":23,"column":4},"end":{"line":23,"column":15}},"17":{"start":{"line":24,"column":4},"end":{"line":24,"column":23}},"18":{"start":{"line":25,"column":9},"end":{"line":31,"column":3}},"19":{"start":{"line":26,"column":4},"end":{"line":26,"column":15}},"20":{"start":{"line":27,"column":4},"end":{"line":27,"column":29}},"21":{"start":{"line":28,"column":9},"end":{"line":31,"column":3}},"22":{"start":{"line":29,"column":4},"end":{"line":29,"column":15}},"23":{"start":{"line":30,"column":4},"end":{"line":30,"column":23}},"24":{"start":{"line":33,"column":2},"end":{"line":33,"column":37}},"25":{"start":{"line":36,"column":0},"end":{"line":36,"column":30}}},"fnMap":{"0":{"name":"(anonymous_0)","decl":{"start":{"line":1,"column":21},"end":{"line":1,"column":22}},"loc":{"start":{"line":1,"column":46},"end":{"line":34,"column":1}},"line":1}},"branchMap":{"0":{"loc":{"start":{"line":4,"column":2},"end":{"line":31,"column":3}},"type":"if","locations":[{"start":{"line":4,"column":2},"end":{"line":31,"column":3}},{"start":{"line":10,"column":9},"end":{"line":31,"column":3}}],"line":4},"1":{"loc":{"start":{"line":5,"column":4},"end":{"line":6,"column":49}},"type":"binary-expr","locations":[{"start":{"line":5,"column":4},"end":{"line":5,"column":43}},{"start":{"line":6,"column":4},"end":{"line":6,"column":49}}],"line":5},"2":{"loc":{"start":{"line":10,"column":9},"end":{"line":31,"column":3}},"type":"if","locations":[{"start":{"line":10,"column":9},"end":{"line":31,"column":3}},{"start":{"line":16,"column":9},"end":{"line":31,"column":3}}],"line":10},"3":{"loc":{"start":{"line":11,"column":4},"end":{"line":12,"column":39}},"type":"binary-expr","locations":[{"start":{"line":11,"column":4},"end":{"line":11,"column":36}},{"start":{"line":12,"column":4},"end":{"line":12,"column":39}}],"line":11},"4":{"loc":{"start":{"line":16,"column":9},"end":{"line":31,"column":3}},"type":"if","locations":[{"start":{"line":16,"column":9},"end":{"line":31,"column":3}},{"start":{"line":19,"column":9},"end":{"line":31,"column":3}}],"line":16},"5":{"loc":{"start":{"line":19,"column":9},"end":{"line":31,"column":3}},"type":"if","locations":[{"start":{"line":19,"column":9},"end":{"line":31,"column":3}},{"start":{"line":22,"column":9},"end":{"line":31,"column":3}}],"line":19},"6":{"loc":{"start":{"line":22,"column":9},"end":{"line":31,"column":3}},"type":"if","locations":[{"start":{"line":22,"column":9},"end":{"line":31,"column":3}},{"start":{"line":25,"column":9},"end":{"line":31,"column":3}}],"line":22},"7":{"loc":{"start":{"line":25,"column":9},"end":{"line":31,"column":3}},"type":"if","locations":[{"start":{"line":25,"column":9},"end":{"line":31,"column":3}},{"start":{"line":28,"column":9},"end":{"line":31,"column":3}}],"line":25},"8":{"loc":{"start":{"line":28,"column":9},"end":{"line":31,"column":3}},"type":"if","locations":[{"start":{"line":28,"column":9},"end":{"line":31,"column":3}},{"start":{},"end":{}}],"line":28}},"s":{"0":5,"1":46,"2":46,"3":46,"4":32,"5":32,"6":14,"7":0,"8":0,"9":14,"10":0,"11":0,"12":14,"13":4,"14":4,"15":10,"16":5,"17":5,"18":5,"19":5,"20":5,"21":0,"22":0,"23":0,"24":46,"25":5},"f":{"0":46},"b":{"0":[32,14],"1":[46,21],"2":[0,14],"3":[14,14],"4":[0,14],"5":[4,10],"6":[5,5],"7":[5,0],"8":[0,0]},"_coverageSchema":"1a1c01bbd47fc00a2c39e90264f33305004495a9","hash":"32f85929fc8b375ffc4fe9fdb4c962a892a6c82b"}
,"D:\\Agung Codes\\p2-amaryllis\\testing\\resi-server\\services\\users\\models\\index.js": {"path":"D:\\Agung Codes\\p2-amaryllis\\testing\\resi-server\\services\\users\\models\\index.js","statementMap":{"0":{"start":{"line":3,"column":11},"end":{"line":3,"column":24}},"1":{"start":{"line":4,"column":13},"end":{"line":4,"column":28}},"2":{"start":{"line":5,"column":18},"end":{"line":5,"column":38}},"3":{"start":{"line":6,"column":16},"end":{"line":6,"column":34}},"4":{"start":{"line":7,"column":17},"end":{"line":7,"column":42}},"5":{"start":{"line":8,"column":12},"end":{"line":8,"column":49}},"6":{"start":{"line":9,"column":15},"end":{"line":9,"column":65}},"7":{"start":{"line":10,"column":11},"end":{"line":10,"column":13}},"8":{"start":{"line":13,"column":0},"end":{"line":17,"column":1}},"9":{"start":{"line":14,"column":2},"end":{"line":14,"column":74}},"10":{"start":{"line":16,"column":2},"end":{"line":16,"column":87}},"11":{"start":{"line":19,"column":0},"end":{"line":27,"column":5}},"12":{"start":{"line":22,"column":4},"end":{"line":22,"column":90}},"13":{"start":{"line":25,"column":18},"end":{"line":25,"column":85}},"14":{"start":{"line":26,"column":4},"end":{"line":26,"column":27}},"15":{"start":{"line":29,"column":0},"end":{"line":33,"column":3}},"16":{"start":{"line":30,"column":2},"end":{"line":32,"column":3}},"17":{"start":{"line":31,"column":4},"end":{"line":31,"column":32}},"18":{"start":{"line":35,"column":0},"end":{"line":35,"column":25}},"19":{"start":{"line":36,"column":0},"end":{"line":36,"column":25}},"20":{"start":{"line":38,"column":0},"end":{"line":38,"column":20}}},"fnMap":{"0":{"name":"(anonymous_0)","decl":{"start":{"line":21,"column":10},"end":{"line":21,"column":11}},"loc":{"start":{"line":21,"column":18},"end":{"line":23,"column":3}},"line":21},"1":{"name":"(anonymous_1)","decl":{"start":{"line":24,"column":11},"end":{"line":24,"column":12}},"loc":{"start":{"line":24,"column":19},"end":{"line":27,"column":3}},"line":24},"2":{"name":"(anonymous_2)","decl":{"start":{"line":29,"column":24},"end":{"line":29,"column":25}},"loc":{"start":{"line":29,"column":37},"end":{"line":33,"column":1}},"line":29}},"branchMap":{"0":{"loc":{"start":{"line":8,"column":12},"end":{"line":8,"column":49}},"type":"binary-expr","locations":[{"start":{"line":8,"column":12},"end":{"line":8,"column":32}},{"start":{"line":8,"column":36},"end":{"line":8,"column":49}}],"line":8},"1":{"loc":{"start":{"line":13,"column":0},"end":{"line":17,"column":1}},"type":"if","locations":[{"start":{"line":13,"column":0},"end":{"line":17,"column":1}},{"start":{"line":15,"column":7},"end":{"line":17,"column":1}}],"line":13},"2":{"loc":{"start":{"line":22,"column":11},"end":{"line":22,"column":89}},"type":"binary-expr","locations":[{"start":{"line":22,"column":12},"end":{"line":22,"column":35}},{"start":{"line":22,"column":41},"end":{"line":22,"column":58}},{"start":{"line":22,"column":64},"end":{"line":22,"column":88}}],"line":22},"3":{"loc":{"start":{"line":30,"column":2},"end":{"line":32,"column":3}},"type":"if","locations":[{"start":{"line":30,"column":2},"end":{"line":32,"column":3}},{"start":{},"end":{}}],"line":30}},"s":{"0":5,"1":5,"2":5,"3":5,"4":5,"5":5,"6":5,"7":5,"8":5,"9":0,"10":5,"11":5,"12":10,"13":5,"14":5,"15":5,"16":5,"17":5,"18":5,"19":5,"20":5},"f":{"0":10,"1":5,"2":5},"b":{"0":[5,0],"1":[0,5],"2":[10,10,5],"3":[5,0]},"_coverageSchema":"1a1c01bbd47fc00a2c39e90264f33305004495a9","hash":"ba7d44a6de00c4de0fdc84fbb6c14f55c5cd474c"}
,"D:\\Agung Codes\\p2-amaryllis\\testing\\resi-server\\services\\users\\models\\user.js": {"path":"D:\\Agung Codes\\p2-amaryllis\\testing\\resi-server\\services\\users\\models\\user.js","statementMap":{"0":{"start":{"line":2,"column":18},"end":{"line":2,"column":38}},"1":{"start":{"line":3,"column":25},"end":{"line":3,"column":53}},"2":{"start":{"line":4,"column":0},"end":{"line":74,"column":2}},"3":{"start":{"line":15,"column":2},"end":{"line":69,"column":4}},"4":{"start":{"line":70,"column":2},"end":{"line":72,"column":5}},"5":{"start":{"line":71,"column":4},"end":{"line":71,"column":56}},"6":{"start":{"line":73,"column":2},"end":{"line":73,"column":14}}},"fnMap":{"0":{"name":"(anonymous_0)","decl":{"start":{"line":4,"column":17},"end":{"line":4,"column":18}},"loc":{"start":{"line":4,"column":43},"end":{"line":74,"column":1}},"line":4},"1":{"name":"(anonymous_1)","decl":{"start":{"line":11,"column":4},"end":{"line":11,"column":5}},"loc":{"start":{"line":11,"column":29},"end":{"line":13,"column":5}},"line":11},"2":{"name":"(anonymous_2)","decl":{"start":{"line":70,"column":20},"end":{"line":70,"column":21}},"loc":{"start":{"line":70,"column":43},"end":{"line":72,"column":3}},"line":70}},"branchMap":{},"s":{"0":5,"1":5,"2":5,"3":5,"4":5,"5":18,"6":5},"f":{"0":5,"1":5,"2":18},"b":{},"_coverageSchema":"1a1c01bbd47fc00a2c39e90264f33305004495a9","hash":"3097448fc7db9a438c5fa121d41fb3fd756610c3"}
,"D:\\Agung Codes\\p2-amaryllis\\testing\\resi-server\\services\\users\\routes\\index.js": {"path":"D:\\Agung Codes\\p2-amaryllis\\testing\\resi-server\\services\\users\\routes\\index.js","statementMap":{"0":{"start":{"line":1,"column":16},"end":{"line":1,"column":34}},"1":{"start":{"line":2,"column":19},"end":{"line":2,"column":44}},"2":{"start":{"line":3,"column":15},"end":{"line":3,"column":31}},"3":{"start":{"line":4,"column":23},"end":{"line":4,"column":63}},"4":{"start":{"line":6,"column":0},"end":{"line":6,"column":45}},"5":{"start":{"line":7,"column":0},"end":{"line":7,"column":39}},"6":{"start":{"line":9,"column":0},"end":{"line":9,"column":26}},"7":{"start":{"line":11,"column":0},"end":{"line":11,"column":36}},"8":{"start":{"line":12,"column":0},"end":{"line":12,"column":41}},"9":{"start":{"line":13,"column":0},"end":{"line":13,"column":47}},"10":{"start":{"line":14,"column":0},"end":{"line":14,"column":50}},"11":{"start":{"line":16,"column":0},"end":{"line":16,"column":24}}},"fnMap":{},"branchMap":{},"s":{"0":5,"1":5,"2":5,"3":5,"4":5,"5":5,"6":5,"7":5,"8":5,"9":5,"10":5,"11":5},"f":{},"b":{},"_coverageSchema":"1a1c01bbd47fc00a2c39e90264f33305004495a9","hash":"f13f2f5efac616718c2790cc5fb1017970ed9df8"}
}
