{"D:\\Agung Codes\\p2-amaryllis\\testing\\resi-server\\services\\users\\app.js": {"path":"D:\\Agung Codes\\p2-amaryllis\\testing\\resi-server\\services\\users\\app.js","statementMap":{"0":{"start":{"line":1,"column":0},"end":{"line":3,"column":1}},"1":{"start":{"line":2,"column":2},"end":{"line":2,"column":29}},"2":{"start":{"line":4,"column":16},"end":{"line":4,"column":34}},"3":{"start":{"line":5,"column":13},"end":{"line":5,"column":28}},"4":{"start":{"line":6,"column":12},"end":{"line":6,"column":21}},"5":{"start":{"line":8,"column":0},"end":{"line":8,"column":16}},"6":{"start":{"line":9,"column":0},"end":{"line":9,"column":24}},"7":{"start":{"line":10,"column":0},"end":{"line":10,"column":49}},"8":{"start":{"line":11,"column":0},"end":{"line":11,"column":35}},"9":{"start":{"line":12,"column":0},"end":{"line":12,"column":47}},"10":{"start":{"line":14,"column":0},"end":{"line":14,"column":21}}},"fnMap":{},"branchMap":{"0":{"loc":{"start":{"line":1,"column":0},"end":{"line":3,"column":1}},"type":"if","locations":[{"start":{"line":1,"column":0},"end":{"line":3,"column":1}},{"start":{},"end":{}}],"line":1}},"s":{"0":5,"1":5,"2":5,"3":5,"4":5,"5":5,"6":5,"7":5,"8":5,"9":5,"10":5},"f":{},"b":{"0":[5,0]},"_coverageSchema":"1a1c01bbd47fc00a2c39e90264f33305004495a9","hash":"85e7717a61c9a38d624dbffcc98301386904beb4"}
,"D:\\Agung Codes\\p2-amaryllis\\testing\\resi-server\\services\\users\\controllers\\index.js": {"path":"D:\\Agung Codes\\p2-amaryllis\\testing\\resi-server\\services\\users\\controllers\\index.js","statementMap":{"0":{"start":{"line":1,"column":24},"end":{"line":1,"column":49}},"1":{"start":{"line":2,"column":17},"end":{"line":2,"column":37}},"2":{"start":{"line":3,"column":24},"end":{"line":3,"column":52}},"3":{"start":{"line":4,"column":23},"end":{"line":4,"column":49}},"4":{"start":{"line":8,"column":4},"end":{"line":33,"column":5}},"5":{"start":{"line":16,"column":10},"end":{"line":16,"column":18}},"6":{"start":{"line":17,"column":22},"end":{"line":17,"column":23}},"7":{"start":{"line":19,"column":22},"end":{"line":26,"column":8}},"8":{"start":{"line":27,"column":22},"end":{"line":27,"column":40}},"9":{"start":{"line":28,"column":27},"end":{"line":28,"column":47}},"10":{"start":{"line":30,"column":6},"end":{"line":30,"column":45}},"11":{"start":{"line":32,"column":6},"end":{"line":32,"column":18}},"12":{"start":{"line":37,"column":4},"end":{"line":54,"column":5}},"13":{"start":{"line":38,"column":34},"end":{"line":38,"column":42}},"14":{"start":{"line":39,"column":6},"end":{"line":39,"column":54}},"15":{"start":{"line":39,"column":18},"end":{"line":39,"column":54}},"16":{"start":{"line":40,"column":6},"end":{"line":40,"column":60}},"17":{"start":{"line":40,"column":21},"end":{"line":40,"column":60}},"18":{"start":{"line":42,"column":19},"end":{"line":42,"column":59}},"19":{"start":{"line":43,"column":6},"end":{"line":43,"column":58}},"20":{"start":{"line":43,"column":17},"end":{"line":43,"column":58}},"21":{"start":{"line":45,"column":27},"end":{"line":45,"column":63}},"22":{"start":{"line":46,"column":6},"end":{"line":46,"column":66}},"23":{"start":{"line":46,"column":25},"end":{"line":46,"column":66}},"24":{"start":{"line":48,"column":22},"end":{"line":48,"column":37}},"25":{"start":{"line":49,"column":27},"end":{"line":49,"column":47}},"26":{"start":{"line":51,"column":6},"end":{"line":51,"column":45}},"27":{"start":{"line":53,"column":6},"end":{"line":53,"column":18}},"28":{"start":{"line":58,"column":4},"end":{"line":68,"column":5}},"29":{"start":{"line":59,"column":21},"end":{"line":59,"column":29}},"30":{"start":{"line":60,"column":19},"end":{"line":62,"column":8}},"31":{"start":{"line":63,"column":6},"end":{"line":63,"column":50}},"32":{"start":{"line":63,"column":17},"end":{"line":63,"column":50}},"33":{"start":{"line":65,"column":6},"end":{"line":65,"column":33}},"34":{"start":{"line":67,"column":6},"end":{"line":67,"column":18}},"35":{"start":{"line":72,"column":4},"end":{"line":83,"column":5}},"36":{"start":{"line":73,"column":55},"end":{"line":73,"column":63}},"37":{"start":{"line":74,"column":22},"end":{"line":77,"column":7}},"38":{"start":{"line":78,"column":6},"end":{"line":78,"column":53}},"39":{"start":{"line":78,"column":23},"end":{"line":78,"column":53}},"40":{"start":{"line":80,"column":6},"end":{"line":80,"column":59}},"41":{"start":{"line":82,"column":6},"end":{"line":82,"column":18}},"42":{"start":{"line":87,"column":4},"end":{"line":99,"column":5}},"43":{"start":{"line":88,"column":20},"end":{"line":88,"column":37}},"44":{"start":{"line":89,"column":28},"end":{"line":92,"column":7}},"45":{"start":{"line":94,"column":6},"end":{"line":94,"column":59}},"46":{"start":{"line":94,"column":29},"end":{"line":94,"column":59}},"47":{"start":{"line":96,"column":6},"end":{"line":96,"column":59}},"48":{"start":{"line":98,"column":6},"end":{"line":98,"column":18}},"49":{"start":{"line":103,"column":4},"end":{"line":109,"column":5}},"50":{"start":{"line":104,"column":21},"end":{"line":104,"column":29}},"51":{"start":{"line":105,"column":6},"end":{"line":105,"column":44}},"52":{"start":{"line":106,"column":6},"end":{"line":106,"column":59}},"53":{"start":{"line":108,"column":6},"end":{"line":108,"column":18}},"54":{"start":{"line":113,"column":4},"end":{"line":141,"column":5}},"55":{"start":{"line":114,"column":24},"end":{"line":114,"column":32}},"56":{"start":{"line":115,"column":26},"end":{"line":115,"column":34}},"57":{"start":{"line":117,"column":17},"end":{"line":120,"column":8}},"58":{"start":{"line":122,"column":22},"end":{"line":133,"column":7}},"59":{"start":{"line":135,"column":26},"end":{"line":135,"column":65}},"60":{"start":{"line":136,"column":25},"end":{"line":136,"column":49}},"61":{"start":{"line":138,"column":6},"end":{"line":138,"column":42}},"62":{"start":{"line":140,"column":6},"end":{"line":140,"column":17}},"63":{"start":{"line":145,"column":4},"end":{"line":145,"column":25}},"64":{"start":{"line":154,"column":0},"end":{"line":154,"column":28}}},"fnMap":{"0":{"name":"(anonymous_0)","decl":{"start":{"line":7,"column":2},"end":{"line":7,"column":3}},"loc":{"start":{"line":7,"column":40},"end":{"line":34,"column":3}},"line":7},"1":{"name":"(anonymous_1)","decl":{"start":{"line":36,"column":2},"end":{"line":36,"column":3}},"loc":{"start":{"line":36,"column":37},"end":{"line":55,"column":3}},"line":36},"2":{"name":"(anonymous_2)","decl":{"start":{"line":57,"column":2},"end":{"line":57,"column":3}},"loc":{"start":{"line":57,"column":36},"end":{"line":69,"column":3}},"line":57},"3":{"name":"(anonymous_3)","decl":{"start":{"line":71,"column":2},"end":{"line":71,"column":3}},"loc":{"start":{"line":71,"column":45},"end":{"line":84,"column":3}},"line":71},"4":{"name":"(anonymous_4)","decl":{"start":{"line":86,"column":2},"end":{"line":86,"column":3}},"loc":{"start":{"line":86,"column":45},"end":{"line":100,"column":3}},"line":86},"5":{"name":"(anonymous_5)","decl":{"start":{"line":102,"column":2},"end":{"line":102,"column":3}},"loc":{"start":{"line":102,"column":38},"end":{"line":110,"column":3}},"line":102},"6":{"name":"(anonymous_6)","decl":{"start":{"line":112,"column":2},"end":{"line":112,"column":3}},"loc":{"start":{"line":112,"column":38},"end":{"line":142,"column":3}},"line":112},"7":{"name":"(anonymous_7)","decl":{"start":{"line":144,"column":2},"end":{"line":144,"column":3}},"loc":{"start":{"line":144,"column":38},"end":{"line":151,"column":3}},"line":144}},"branchMap":{"0":{"loc":{"start":{"line":39,"column":6},"end":{"line":39,"column":54}},"type":"if","locations":[{"start":{"line":39,"column":6},"end":{"line":39,"column":54}},{"start":{},"end":{}}],"line":39},"1":{"loc":{"start":{"line":40,"column":6},"end":{"line":40,"column":60}},"type":"if","locations":[{"start":{"line":40,"column":6},"end":{"line":40,"column":60}},{"start":{},"end":{}}],"line":40},"2":{"loc":{"start":{"line":43,"column":6},"end":{"line":43,"column":58}},"type":"if","locations":[{"start":{"line":43,"column":6},"end":{"line":43,"column":58}},{"start":{},"end":{}}],"line":43},"3":{"loc":{"start":{"line":46,"column":6},"end":{"line":46,"column":66}},"type":"if","locations":[{"start":{"line":46,"column":6},"end":{"line":46,"column":66}},{"start":{},"end":{}}],"line":46},"4":{"loc":{"start":{"line":63,"column":6},"end":{"line":63,"column":50}},"type":"if","locations":[{"start":{"line":63,"column":6},"end":{"line":63,"column":50}},{"start":{},"end":{}}],"line":63},"5":{"loc":{"start":{"line":78,"column":6},"end":{"line":78,"column":53}},"type":"if","locations":[{"start":{"line":78,"column":6},"end":{"line":78,"column":53}},{"start":{},"end":{}}],"line":78},"6":{"loc":{"start":{"line":94,"column":6},"end":{"line":94,"column":59}},"type":"if","locations":[{"start":{"line":94,"column":6},"end":{"line":94,"column":59}},{"start":{},"end":{}}],"line":94}},"s":{"0":5,"1":5,"2":5,"3":5,"4":26,"5":26,"6":26,"7":26,"8":2,"9":2,"10":2,"11":24,"12":14,"13":14,"14":14,"15":0,"16":14,"17":0,"18":14,"19":14,"20":2,"21":12,"22":12,"23":2,"24":10,"25":10,"26":10,"27":4,"28":2,"29":2,"30":2,"31":2,"32":0,"33":2,"34":0,"35":12,"36":12,"37":12,"38":2,"39":0,"40":2,"41":10,"42":1,"43":1,"44":1,"45":1,"46":0,"47":1,"48":0,"49":2,"50":2,"51":2,"52":2,"53":0,"54":0,"55":0,"56":0,"57":0,"58":0,"59":0,"60":0,"61":0,"62":0,"63":0,"64":5},"f":{"0":26,"1":14,"2":2,"3":12,"4":1,"5":2,"6":0,"7":0},"b":{"0":[0,14],"1":[0,14],"2":[2,12],"3":[2,10],"4":[0,2],"5":[0,2],"6":[0,1]},"_coverageSchema":"1a1c01bbd47fc00a2c39e90264f33305004495a9","hash":"edf68bec60f34f25782dd1600136e2bb9a5fdfc0"}
,"D:\\Agung Codes\\p2-amaryllis\\testing\\resi-server\\services\\users\\helpers\\bcrypt.js": {"path":"D:\\Agung Codes\\p2-amaryllis\\testing\\resi-server\\services\\users\\helpers\\bcrypt.js","statementMap":{"0":{"start":{"line":1,"column":15},"end":{"line":1,"column":34}},"1":{"start":{"line":2,"column":21},"end":{"line":2,"column":63}},"2":{"start":{"line":2,"column":35},"end":{"line":2,"column":63}},"3":{"start":{"line":3,"column":20},"end":{"line":3,"column":78}},"4":{"start":{"line":3,"column":42},"end":{"line":3,"column":78}},"5":{"start":{"line":5,"column":0},"end":{"line":5,"column":47}}},"fnMap":{"0":{"name":"(anonymous_0)","decl":{"start":{"line":2,"column":21},"end":{"line":2,"column":22}},"loc":{"start":{"line":2,"column":35},"end":{"line":2,"column":63}},"line":2},"1":{"name":"(anonymous_1)","decl":{"start":{"line":3,"column":20},"end":{"line":3,"column":21}},"loc":{"start":{"line":3,"column":42},"end":{"line":3,"column":78}},"line":3}},"branchMap":{},"s":{"0":5,"1":5,"2":15,"3":5,"4":12,"5":5},"f":{"0":15,"1":12},"b":{},"_coverageSchema":"1a1c01bbd47fc00a2c39e90264f33305004495a9","hash":"12cc89121219024e7c66f3caccb762a284d68583"}
,"D:\\Agung Codes\\p2-amaryllis\\testing\\resi-server\\services\\users\\helpers\\jwt.js": {"path":"D:\\Agung Codes\\p2-amaryllis\\testing\\resi-server\\services\\users\\helpers\\jwt.js","statementMap":{"0":{"start":{"line":1,"column":0},"end":{"line":1,"column":26}},"1":{"start":{"line":3,"column":12},"end":{"line":3,"column":35}},"2":{"start":{"line":4,"column":15},"end":{"line":4,"column":37}},"3":{"start":{"line":6,"column":20},"end":{"line":6,"column":58}},"4":{"start":{"line":6,"column":33},"end":{"line":6,"column":58}},"5":{"start":{"line":7,"column":20},"end":{"line":7,"column":56}},"6":{"start":{"line":7,"column":31},"end":{"line":7,"column":56}},"7":{"start":{"line":9,"column":0},"end":{"line":9,"column":46}}},"fnMap":{"0":{"name":"(anonymous_0)","decl":{"start":{"line":6,"column":20},"end":{"line":6,"column":21}},"loc":{"start":{"line":6,"column":33},"end":{"line":6,"column":58}},"line":6},"1":{"name":"(anonymous_1)","decl":{"start":{"line":7,"column":20},"end":{"line":7,"column":21}},"loc":{"start":{"line":7,"column":31},"end":{"line":7,"column":56}},"line":7}},"branchMap":{},"s":{"0":5,"1":5,"2":5,"3":5,"4":12,"5":5,"6":22,"7":5},"f":{"0":12,"1":22},"b":{},"_coverageSchema":"1a1c01bbd47fc00a2c39e90264f33305004495a9","hash":"2f43b594111a8394b2dab81f0cc97e2dbd61e4c6"}
,"D:\\Agung Codes\\p2-amaryllis\\testing\\resi-server\\services\\users\\middlewares\\authentication.js": {"path":"D:\\Agung Codes\\p2-amaryllis\\testing\\resi-server\\services\\users\\middlewares\\authentication.js","statementMap":{"0":{"start":{"line":1,"column":24},"end":{"line":1,"column":49}},"1":{"start":{"line":2,"column":17},"end":{"line":2,"column":37}},"2":{"start":{"line":4,"column":23},"end":{"line":18,"column":1}},"3":{"start":{"line":5,"column":2},"end":{"line":17,"column":3}},"4":{"start":{"line":6,"column":29},"end":{"line":6,"column":40}},"5":{"start":{"line":7,"column":4},"end":{"line":7,"column":60}},"6":{"start":{"line":7,"column":23},"end":{"line":7,"column":60}},"7":{"start":{"line":9,"column":20},"end":{"line":9,"column":45}},"8":{"start":{"line":10,"column":17},"end":{"line":10,"column":48}},"9":{"start":{"line":11,"column":4},"end":{"line":11,"column":46}},"10":{"start":{"line":11,"column":15},"end":{"line":11,"column":46}},"11":{"start":{"line":13,"column":4},"end":{"line":13,"column":67}},"12":{"start":{"line":14,"column":4},"end":{"line":14,"column":11}},"13":{"start":{"line":16,"column":4},"end":{"line":16,"column":16}},"14":{"start":{"line":20,"column":0},"end":{"line":20,"column":32}}},"fnMap":{"0":{"name":"(anonymous_0)","decl":{"start":{"line":4,"column":23},"end":{"line":4,"column":24}},"loc":{"start":{"line":4,"column":49},"end":{"line":18,"column":1}},"line":4}},"branchMap":{"0":{"loc":{"start":{"line":7,"column":4},"end":{"line":7,"column":60}},"type":"if","locations":[{"start":{"line":7,"column":4},"end":{"line":7,"column":60}},{"start":{},"end":{}}],"line":7},"1":{"loc":{"start":{"line":11,"column":4},"end":{"line":11,"column":46}},"type":"if","locations":[{"start":{"line":11,"column":4},"end":{"line":11,"column":46}},{"start":{},"end":{}}],"line":11}},"s":{"0":5,"1":5,"2":5,"3":27,"4":27,"5":27,"6":5,"7":22,"8":17,"9":17,"10":0,"11":17,"12":17,"13":10,"14":5},"f":{"0":27},"b":{"0":[5,22],"1":[0,17]},"_coverageSchema":"1a1c01bbd47fc00a2c39e90264f33305004495a9","hash":"6b94654e9b56b6c90b0b91c412c5a7df2c49844d"}
,"D:\\Agung Codes\\p2-amaryllis\\testing\\resi-server\\services\\users\\middlewares\\errorHandler.js": {"path":"D:\\Agung Codes\\p2-amaryllis\\testing\\resi-server\\services\\users\\middlewares\\errorHandler.js","statementMap":{"0":{"start":{"line":1,"column":21},"end":{"line":34,"column":1}},"1":{"start":{"line":2,"column":2},"end":{"line":2,"column":13}},"2":{"start":{"line":3,"column":2},"end":{"line":3,"column":36}},"3":{"start":{"line":4,"column":2},"end":{"line":31,"column":3}},"4":{"start":{"line":8,"column":4},"end":{"line":8,"column":15}},"5":{"start":{"line":9,"column":4},"end":{"line":9,"column":36}},"6":{"start":{"line":10,"column":9},"end":{"line":31,"column":3}},"7":{"start":{"line":14,"column":4},"end":{"line":14,"column":15}},"8":{"start":{"line":15,"column":4},"end":{"line":15,"column":23}},"9":{"start":{"line":16,"column":9},"end":{"line":31,"column":3}},"10":{"start":{"line":17,"column":4},"end":{"line":17,"column":15}},"11":{"start":{"line":18,"column":4},"end":{"line":18,"column":23}},"12":{"start":{"line":19,"column":9},"end":{"line":31,"column":3}},"13":{"start":{"line":20,"column":4},"end":{"line":20,"column":15}},"14":{"start":{"line":21,"column":4},"end":{"line":21,"column":23}},"15":{"start":{"line":22,"column":9},"end":{"line":31,"column":3}},"16":{"start":{"line":23,"column":4},"end":{"line":23,"column":15}},"17":{"start":{"line":24,"column":4},"end":{"line":24,"column":23}},"18":{"start":{"line":25,"column":9},"end":{"line":31,"column":3}},"19":{"start":{"line":26,"column":4},"end":{"line":26,"column":15}},"20":{"start":{"line":27,"column":4},"end":{"line":27,"column":29}},"21":{"start":{"line":28,"column":9},"end":{"line":31,"column":3}},"22":{"start":{"line":29,"column":4},"end":{"line":29,"column":15}},"23":{"start":{"line":30,"column":4},"end":{"line":30,"column":23}},"24":{"start":{"line":33,"column":2},"end":{"line":33,"column":37}},"25":{"start":{"line":36,"column":0},"end":{"line":36,"column":30}}},"fnMap":{"0":{"name":"(anonymous_0)","decl":{"start":{"line":1,"column":21},"end":{"line":1,"column":22}},"loc":{"start":{"line":1,"column":46},"end":{"line":34,"column":1}},"line":1}},"branchMap":{"0":{"loc":{"start":{"line":4,"column":2},"end":{"line":31,"column":3}},"type":"if","locations":[{"start":{"line":4,"column":2},"end":{"line":31,"column":3}},{"start":{"line":10,"column":9},"end":{"line":31,"column":3}}],"line":4},"1":{"loc":{"start":{"line":5,"column":4},"end":{"line":6,"column":49}},"type":"binary-expr","locations":[{"start":{"line":5,"column":4},"end":{"line":5,"column":43}},{"start":{"line":6,"column":4},"end":{"line":6,"column":49}}],"line":5},"2":{"loc":{"start":{"line":10,"column":9},"end":{"line":31,"column":3}},"type":"if","locations":[{"start":{"line":10,"column":9},"end":{"line":31,"column":3}},{"start":{"line":16,"column":9},"end":{"line":31,"column":3}}],"line":10},"3":{"loc":{"start":{"line":11,"column":4},"end":{"line":12,"column":39}},"type":"binary-expr","locations":[{"start":{"line":11,"column":4},"end":{"line":11,"column":36}},{"start":{"line":12,"column":4},"end":{"line":12,"column":39}}],"line":11},"4":{"loc":{"start":{"line":16,"column":9},"end":{"line":31,"column":3}},"type":"if","locations":[{"start":{"line":16,"column":9},"end":{"line":31,"column":3}},{"start":{"line":19,"column":9},"end":{"line":31,"column":3}}],"line":16},"5":{"loc":{"start":{"line":19,"column":9},"end":{"line":31,"column":3}},"type":"if","locations":[{"start":{"line":19,"column":9},"end":{"line":31,"column":3}},{"start":{"line":22,"column":9},"end":{"line":31,"column":3}}],"line":19},"6":{"loc":{"start":{"line":22,"column":9},"end":{"line":31,"column":3}},"type":"if","locations":[{"start":{"line":22,"column":9},"end":{"line":31,"column":3}},{"start":{"line":25,"column":9},"end":{"line":31,"column":3}}],"line":22},"7":{"loc":{"start":{"line":25,"column":9},"end":{"line":31,"column":3}},"type":"if","locations":[{"start":{"line":25,"column":9},"end":{"line":31,"column":3}},{"start":{"line":28,"column":9},"end":{"line":31,"column":3}}],"line":25},"8":{"loc":{"start":{"line":28,"column":9},"end":{"line":31,"column":3}},"type":"if","locations":[{"start":{"line":28,"column":9},"end":{"line":31,"column":3}},{"start":{},"end":{}}],"line":28}},"s":{"0":5,"1":48,"2":48,"3":48,"4":34,"5":34,"6":14,"7":0,"8":0,"9":14,"10":0,"11":0,"12":14,"13":4,"14":4,"15":10,"16":5,"17":5,"18":5,"19":5,"20":5,"21":0,"22":0,"23":0,"24":48,"25":5},"f":{"0":48},"b":{"0":[34,14],"1":[48,17],"2":[0,14],"3":[14,14],"4":[0,14],"5":[4,10],"6":[5,5],"7":[5,0],"8":[0,0]},"_coverageSchema":"1a1c01bbd47fc00a2c39e90264f33305004495a9","hash":"32f85929fc8b375ffc4fe9fdb4c962a892a6c82b"}
,"D:\\Agung Codes\\p2-amaryllis\\testing\\resi-server\\services\\users\\models\\index.js": {"path":"D:\\Agung Codes\\p2-amaryllis\\testing\\resi-server\\services\\users\\models\\index.js","statementMap":{"0":{"start":{"line":3,"column":11},"end":{"line":3,"column":24}},"1":{"start":{"line":4,"column":13},"end":{"line":4,"column":28}},"2":{"start":{"line":5,"column":18},"end":{"line":5,"column":38}},"3":{"start":{"line":6,"column":16},"end":{"line":6,"column":34}},"4":{"start":{"line":7,"column":17},"end":{"line":7,"column":42}},"5":{"start":{"line":8,"column":12},"end":{"line":8,"column":49}},"6":{"start":{"line":9,"column":15},"end":{"line":9,"column":65}},"7":{"start":{"line":10,"column":11},"end":{"line":10,"column":13}},"8":{"start":{"line":13,"column":0},"end":{"line":22,"column":1}},"9":{"start":{"line":14,"column":2},"end":{"line":14,"column":74}},"10":{"start":{"line":16,"column":2},"end":{"line":21,"column":4}},"11":{"start":{"line":24,"column":0},"end":{"line":36,"column":5}},"12":{"start":{"line":26,"column":4},"end":{"line":28,"column":6}},"13":{"start":{"line":31,"column":18},"end":{"line":34,"column":5}},"14":{"start":{"line":35,"column":4},"end":{"line":35,"column":27}},"15":{"start":{"line":38,"column":0},"end":{"line":42,"column":3}},"16":{"start":{"line":39,"column":2},"end":{"line":41,"column":3}},"17":{"start":{"line":40,"column":4},"end":{"line":40,"column":32}},"18":{"start":{"line":44,"column":0},"end":{"line":44,"column":25}},"19":{"start":{"line":45,"column":0},"end":{"line":45,"column":25}},"20":{"start":{"line":47,"column":0},"end":{"line":47,"column":20}}},"fnMap":{"0":{"name":"(anonymous_0)","decl":{"start":{"line":25,"column":10},"end":{"line":25,"column":11}},"loc":{"start":{"line":25,"column":20},"end":{"line":29,"column":3}},"line":25},"1":{"name":"(anonymous_1)","decl":{"start":{"line":30,"column":11},"end":{"line":30,"column":12}},"loc":{"start":{"line":30,"column":21},"end":{"line":36,"column":3}},"line":30},"2":{"name":"(anonymous_2)","decl":{"start":{"line":38,"column":24},"end":{"line":38,"column":25}},"loc":{"start":{"line":38,"column":39},"end":{"line":42,"column":1}},"line":38}},"branchMap":{"0":{"loc":{"start":{"line":8,"column":12},"end":{"line":8,"column":49}},"type":"binary-expr","locations":[{"start":{"line":8,"column":12},"end":{"line":8,"column":32}},{"start":{"line":8,"column":36},"end":{"line":8,"column":49}}],"line":8},"1":{"loc":{"start":{"line":13,"column":0},"end":{"line":22,"column":1}},"type":"if","locations":[{"start":{"line":13,"column":0},"end":{"line":22,"column":1}},{"start":{"line":15,"column":7},"end":{"line":22,"column":1}}],"line":13},"2":{"loc":{"start":{"line":27,"column":6},"end":{"line":27,"column":78}},"type":"binary-expr","locations":[{"start":{"line":27,"column":6},"end":{"line":27,"column":29}},{"start":{"line":27,"column":33},"end":{"line":27,"column":50}},{"start":{"line":27,"column":54},"end":{"line":27,"column":78}}],"line":27},"3":{"loc":{"start":{"line":39,"column":2},"end":{"line":41,"column":3}},"type":"if","locations":[{"start":{"line":39,"column":2},"end":{"line":41,"column":3}},{"start":{},"end":{}}],"line":39}},"s":{"0":5,"1":5,"2":5,"3":5,"4":5,"5":5,"6":5,"7":5,"8":5,"9":0,"10":5,"11":5,"12":10,"13":5,"14":5,"15":5,"16":5,"17":5,"18":5,"19":5,"20":5},"f":{"0":10,"1":5,"2":5},"b":{"0":[5,0],"1":[0,5],"2":[10,10,5],"3":[5,0]},"_coverageSchema":"1a1c01bbd47fc00a2c39e90264f33305004495a9","hash":"5a92ccbea93ab4e1ed957d871e0f0d28014915d3"}
,"D:\\Agung Codes\\p2-amaryllis\\testing\\resi-server\\services\\users\\models\\user.js": {"path":"D:\\Agung Codes\\p2-amaryllis\\testing\\resi-server\\services\\users\\models\\user.js","statementMap":{"0":{"start":{"line":2,"column":18},"end":{"line":2,"column":38}},"1":{"start":{"line":3,"column":25},"end":{"line":3,"column":53}},"2":{"start":{"line":4,"column":0},"end":{"line":81,"column":2}},"3":{"start":{"line":15,"column":2},"end":{"line":76,"column":4}},"4":{"start":{"line":77,"column":2},"end":{"line":79,"column":5}},"5":{"start":{"line":78,"column":4},"end":{"line":78,"column":56}},"6":{"start":{"line":80,"column":2},"end":{"line":80,"column":14}}},"fnMap":{"0":{"name":"(anonymous_0)","decl":{"start":{"line":4,"column":17},"end":{"line":4,"column":18}},"loc":{"start":{"line":4,"column":43},"end":{"line":81,"column":1}},"line":4},"1":{"name":"(anonymous_1)","decl":{"start":{"line":11,"column":4},"end":{"line":11,"column":5}},"loc":{"start":{"line":11,"column":29},"end":{"line":13,"column":5}},"line":11},"2":{"name":"(anonymous_2)","decl":{"start":{"line":77,"column":20},"end":{"line":77,"column":21}},"loc":{"start":{"line":77,"column":43},"end":{"line":79,"column":3}},"line":77}},"branchMap":{},"s":{"0":5,"1":5,"2":5,"3":5,"4":5,"5":15,"6":5},"f":{"0":5,"1":5,"2":15},"b":{},"_coverageSchema":"1a1c01bbd47fc00a2c39e90264f33305004495a9","hash":"5fec0c24e1d9c320c4b08ba4596ff272cc80fb9a"}
,"D:\\Agung Codes\\p2-amaryllis\\testing\\resi-server\\services\\users\\routes\\index.js": {"path":"D:\\Agung Codes\\p2-amaryllis\\testing\\resi-server\\services\\users\\routes\\index.js","statementMap":{"0":{"start":{"line":1,"column":16},"end":{"line":1,"column":34}},"1":{"start":{"line":2,"column":19},"end":{"line":2,"column":44}},"2":{"start":{"line":3,"column":15},"end":{"line":3,"column":31}},"3":{"start":{"line":4,"column":23},"end":{"line":4,"column":63}},"4":{"start":{"line":6,"column":0},"end":{"line":6,"column":45}},"5":{"start":{"line":7,"column":0},"end":{"line":7,"column":39}},"6":{"start":{"line":8,"column":0},"end":{"line":8,"column":54}},"7":{"start":{"line":9,"column":0},"end":{"line":9,"column":46}},"8":{"start":{"line":11,"column":0},"end":{"line":11,"column":26}},"9":{"start":{"line":13,"column":0},"end":{"line":13,"column":36}},"10":{"start":{"line":14,"column":0},"end":{"line":14,"column":41}},"11":{"start":{"line":15,"column":0},"end":{"line":15,"column":47}},"12":{"start":{"line":16,"column":0},"end":{"line":16,"column":42}},"13":{"start":{"line":18,"column":0},"end":{"line":18,"column":24}}},"fnMap":{},"branchMap":{},"s":{"0":5,"1":5,"2":5,"3":5,"4":5,"5":5,"6":5,"7":5,"8":5,"9":5,"10":5,"11":5,"12":5,"13":5},"f":{},"b":{},"_coverageSchema":"1a1c01bbd47fc00a2c39e90264f33305004495a9","hash":"87903371a77d94975d86059257f2cabaa0d9f257"}
}
