TN:
SF:app.js
FNF:0
FNH:0
DA:1,5
DA:2,5
DA:4,5
DA:5,5
DA:6,5
DA:8,5
DA:9,5
DA:10,5
DA:11,5
DA:12,5
DA:14,5
LF:11
LH:11
BRDA:1,0,0,5
BRDA:1,0,1,0
BRF:2
BRH:1
end_of_record
TN:
SF:controllers\index.js
FN:6,(anonymous_0)
FN:26,(anonymous_1)
FN:47,(anonymous_2)
FN:61,(anonymous_3)
FN:76,(anonymous_4)
FN:92,(anonymous_5)
FNF:6
FNH:6
FNDA:26,(anonymous_0)
FNDA:13,(anonymous_1)
FNDA:2,(anonymous_2)
FNDA:10,(anonymous_3)
FNDA:1,(anonymous_4)
FNDA:2,(anonymous_5)
DA:1,5
DA:2,5
DA:3,5
DA:7,26
DA:8,26
DA:9,26
DA:17,2
DA:18,2
DA:20,2
DA:22,24
DA:27,13
DA:28,13
DA:29,13
DA:30,13
DA:32,13
DA:33,13
DA:35,11
DA:36,11
DA:38,9
DA:39,9
DA:41,9
DA:43,4
DA:48,2
DA:49,2
DA:50,2
DA:53,2
DA:55,2
DA:57,0
DA:62,10
DA:63,10
DA:64,10
DA:68,2
DA:70,2
DA:72,8
DA:77,1
DA:78,1
DA:79,1
DA:84,1
DA:86,1
DA:88,0
DA:93,2
DA:94,2
DA:95,2
DA:96,2
DA:98,0
DA:103,5
LF:46
LH:43
BRDA:29,0,0,0
BRDA:29,0,1,13
BRDA:30,1,0,0
BRDA:30,1,1,13
BRDA:33,2,0,2
BRDA:33,2,1,11
BRDA:36,3,0,2
BRDA:36,3,1,9
BRDA:53,4,0,0
BRDA:53,4,1,2
BRDA:68,5,0,0
BRDA:68,5,1,2
BRDA:84,6,0,0
BRDA:84,6,1,1
BRF:14
BRH:9
end_of_record
TN:
SF:helpers\bcrypt.js
FN:2,(anonymous_0)
FN:3,(anonymous_1)
FNF:2
FNH:2
FNDA:18,(anonymous_0)
FNDA:11,(anonymous_1)
DA:1,5
DA:2,18
DA:3,11
DA:5,5
LF:4
LH:4
BRF:0
BRH:0
end_of_record
TN:
SF:helpers\jwt.js
FN:6,(anonymous_0)
FN:7,(anonymous_1)
FNF:2
FNH:2
FNDA:11,(anonymous_0)
FNDA:20,(anonymous_1)
DA:1,5
DA:3,5
DA:4,5
DA:6,11
DA:7,20
DA:9,5
LF:6
LH:6
BRF:0
BRH:0
end_of_record
TN:
SF:middlewares\authentication.js
FN:4,(anonymous_0)
FNF:1
FNH:1
FNDA:25,(anonymous_0)
DA:1,5
DA:2,5
DA:4,5
DA:5,25
DA:6,25
DA:7,25
DA:9,20
DA:10,15
DA:11,15
DA:13,15
DA:14,15
DA:16,10
DA:20,5
LF:13
LH:13
BRDA:7,0,0,5
BRDA:7,0,1,20
BRDA:11,1,0,0
BRDA:11,1,1,15
BRF:4
BRH:3
end_of_record
TN:
SF:middlewares\errorHandler.js
FN:1,(anonymous_0)
FNF:1
FNH:1
FNDA:46,(anonymous_0)
DA:1,5
DA:2,46
DA:3,46
DA:4,46
DA:8,32
DA:9,32
DA:10,14
DA:14,0
DA:15,0
DA:16,14
DA:17,0
DA:18,0
DA:19,14
DA:20,4
DA:21,4
DA:22,10
DA:23,5
DA:24,5
DA:25,5
DA:26,5
DA:27,5
DA:28,0
DA:29,0
DA:30,0
DA:33,46
DA:36,5
LF:26
LH:19
BRDA:4,0,0,32
BRDA:4,0,1,14
BRDA:5,1,0,46
BRDA:5,1,1,21
BRDA:10,2,0,0
BRDA:10,2,1,14
BRDA:11,3,0,14
BRDA:11,3,1,14
BRDA:16,4,0,0
BRDA:16,4,1,14
BRDA:19,5,0,4
BRDA:19,5,1,10
BRDA:22,6,0,5
BRDA:22,6,1,5
BRDA:25,7,0,5
BRDA:25,7,1,0
BRDA:28,8,0,0
BRDA:28,8,1,0
BRF:18
BRH:13
end_of_record
TN:
SF:models\index.js
FN:21,(anonymous_0)
FN:24,(anonymous_1)
FN:29,(anonymous_2)
FNF:3
FNH:3
FNDA:10,(anonymous_0)
FNDA:5,(anonymous_1)
FNDA:5,(anonymous_2)
DA:3,5
DA:4,5
DA:5,5
DA:6,5
DA:7,5
DA:8,5
DA:9,5
DA:10,5
DA:13,5
DA:14,0
DA:16,5
DA:19,5
DA:22,10
DA:25,5
DA:26,5
DA:29,5
DA:30,5
DA:31,5
DA:35,5
DA:36,5
DA:38,5
LF:21
LH:20
BRDA:8,0,0,5
BRDA:8,0,1,0
BRDA:13,1,0,0
BRDA:13,1,1,5
BRDA:22,2,0,10
BRDA:22,2,1,10
BRDA:22,2,2,5
BRDA:30,3,0,5
BRDA:30,3,1,0
BRF:9
BRH:6
end_of_record
TN:
SF:models\user.js
FN:4,(anonymous_0)
FN:11,(anonymous_1)
FN:70,(anonymous_2)
FNF:3
FNH:3
FNDA:5,(anonymous_0)
FNDA:5,(anonymous_1)
FNDA:18,(anonymous_2)
DA:2,5
DA:3,5
DA:4,5
DA:15,5
DA:70,5
DA:71,18
DA:73,5
LF:7
LH:7
BRF:0
BRH:0
end_of_record
TN:
SF:routes\index.js
FNF:0
FNH:0
DA:1,5
DA:2,5
DA:3,5
DA:4,5
DA:6,5
DA:7,5
DA:9,5
DA:11,5
DA:12,5
DA:13,5
DA:14,5
DA:16,5
LF:12
LH:12
BRF:0
BRH:0
end_of_record
