TN:
SF:app.js
FNF:0
FNH:0
DA:1,5
DA:2,5
DA:4,5
DA:5,5
DA:6,5
DA:8,5
DA:9,5
DA:10,5
DA:11,5
DA:12,5
DA:14,5
LF:11
LH:11
BRDA:1,0,0,5
BRDA:1,0,1,0
BRF:2
BRH:1
end_of_record
TN:
SF:controllers\index.js
FN:7,(anonymous_0)
FN:36,(anonymous_1)
FN:57,(anonymous_2)
FN:71,(anonymous_3)
FN:86,(anonymous_4)
FN:102,(anonymous_5)
FN:112,(anonymous_6)
FN:144,(anonymous_7)
FNF:8
FNH:6
FNDA:26,(anonymous_0)
FNDA:14,(anonymous_1)
FNDA:2,(anonymous_2)
FNDA:12,(anonymous_3)
FNDA:1,(anonymous_4)
FNDA:2,(anonymous_5)
FNDA:0,(anonymous_6)
FNDA:0,(anonymous_7)
DA:1,5
DA:2,5
DA:3,5
DA:4,5
DA:8,26
DA:16,26
DA:17,26
DA:19,26
DA:27,2
DA:28,2
DA:30,2
DA:32,24
DA:37,14
DA:38,14
DA:39,14
DA:40,14
DA:42,14
DA:43,14
DA:45,12
DA:46,12
DA:48,10
DA:49,10
DA:51,10
DA:53,4
DA:58,2
DA:59,2
DA:60,2
DA:63,2
DA:65,2
DA:67,0
DA:72,12
DA:73,12
DA:74,12
DA:78,2
DA:80,2
DA:82,10
DA:87,1
DA:88,1
DA:89,1
DA:94,1
DA:96,1
DA:98,0
DA:103,2
DA:104,2
DA:105,2
DA:106,2
DA:108,0
DA:113,0
DA:114,0
DA:115,0
DA:117,0
DA:122,0
DA:135,0
DA:136,0
DA:138,0
DA:140,0
DA:145,0
DA:154,5
LF:58
LH:45
BRDA:39,0,0,0
BRDA:39,0,1,14
BRDA:40,1,0,0
BRDA:40,1,1,14
BRDA:43,2,0,2
BRDA:43,2,1,12
BRDA:46,3,0,2
BRDA:46,3,1,10
BRDA:63,4,0,0
BRDA:63,4,1,2
BRDA:78,5,0,0
BRDA:78,5,1,2
BRDA:94,6,0,0
BRDA:94,6,1,1
BRF:14
BRH:9
end_of_record
TN:
SF:helpers\bcrypt.js
FN:2,(anonymous_0)
FN:3,(anonymous_1)
FNF:2
FNH:2
FNDA:15,(anonymous_0)
FNDA:12,(anonymous_1)
DA:1,5
DA:2,15
DA:3,12
DA:5,5
LF:4
LH:4
BRF:0
BRH:0
end_of_record
TN:
SF:helpers\jwt.js
FN:6,(anonymous_0)
FN:7,(anonymous_1)
FNF:2
FNH:2
FNDA:12,(anonymous_0)
FNDA:22,(anonymous_1)
DA:1,5
DA:3,5
DA:4,5
DA:6,12
DA:7,22
DA:9,5
LF:6
LH:6
BRF:0
BRH:0
end_of_record
TN:
SF:middlewares\authentication.js
FN:4,(anonymous_0)
FNF:1
FNH:1
FNDA:27,(anonymous_0)
DA:1,5
DA:2,5
DA:4,5
DA:5,27
DA:6,27
DA:7,27
DA:9,22
DA:10,17
DA:11,17
DA:13,17
DA:14,17
DA:16,10
DA:20,5
LF:13
LH:13
BRDA:7,0,0,5
BRDA:7,0,1,22
BRDA:11,1,0,0
BRDA:11,1,1,17
BRF:4
BRH:3
end_of_record
TN:
SF:middlewares\errorHandler.js
FN:1,(anonymous_0)
FNF:1
FNH:1
FNDA:48,(anonymous_0)
DA:1,5
DA:2,48
DA:3,48
DA:4,48
DA:8,34
DA:9,34
DA:10,14
DA:14,0
DA:15,0
DA:16,14
DA:17,0
DA:18,0
DA:19,14
DA:20,4
DA:21,4
DA:22,10
DA:23,5
DA:24,5
DA:25,5
DA:26,5
DA:27,5
DA:28,0
DA:29,0
DA:30,0
DA:33,48
DA:36,5
LF:26
LH:19
BRDA:4,0,0,34
BRDA:4,0,1,14
BRDA:5,1,0,48
BRDA:5,1,1,17
BRDA:10,2,0,0
BRDA:10,2,1,14
BRDA:11,3,0,14
BRDA:11,3,1,14
BRDA:16,4,0,0
BRDA:16,4,1,14
BRDA:19,5,0,4
BRDA:19,5,1,10
BRDA:22,6,0,5
BRDA:22,6,1,5
BRDA:25,7,0,5
BRDA:25,7,1,0
BRDA:28,8,0,0
BRDA:28,8,1,0
BRF:18
BRH:13
end_of_record
TN:
SF:models\index.js
FN:25,(anonymous_0)
FN:30,(anonymous_1)
FN:38,(anonymous_2)
FNF:3
FNH:3
FNDA:10,(anonymous_0)
FNDA:5,(anonymous_1)
FNDA:5,(anonymous_2)
DA:3,5
DA:4,5
DA:5,5
DA:6,5
DA:7,5
DA:8,5
DA:9,5
DA:10,5
DA:13,5
DA:14,0
DA:16,5
DA:24,5
DA:26,10
DA:31,5
DA:35,5
DA:38,5
DA:39,5
DA:40,5
DA:44,5
DA:45,5
DA:47,5
LF:21
LH:20
BRDA:8,0,0,5
BRDA:8,0,1,0
BRDA:13,1,0,0
BRDA:13,1,1,5
BRDA:27,2,0,10
BRDA:27,2,1,10
BRDA:27,2,2,5
BRDA:39,3,0,5
BRDA:39,3,1,0
BRF:9
BRH:6
end_of_record
TN:
SF:models\user.js
FN:4,(anonymous_0)
FN:11,(anonymous_1)
FN:77,(anonymous_2)
FNF:3
FNH:3
FNDA:5,(anonymous_0)
FNDA:5,(anonymous_1)
FNDA:15,(anonymous_2)
DA:2,5
DA:3,5
DA:4,5
DA:15,5
DA:77,5
DA:78,15
DA:80,5
LF:7
LH:7
BRF:0
BRH:0
end_of_record
TN:
SF:routes\index.js
FNF:0
FNH:0
DA:1,5
DA:2,5
DA:3,5
DA:4,5
DA:6,5
DA:7,5
DA:8,5
DA:9,5
DA:11,5
DA:13,5
DA:14,5
DA:15,5
DA:16,5
DA:18,5
LF:14
LH:14
BRF:0
BRH:0
end_of_record
